2025-03-17T13:16:37.459Z [INFO]: [object Object]
2025-03-17T13:16:37.465Z [INFO]: [object Object]
2025-03-17T13:16:37.529Z [INFO]: [object Object]
2025-03-17T13:16:37.832Z [INFO]: [object Object]
2025-03-17T13:16:37.852Z [INFO]: [object Object]
2025-03-17T13:16:40.582Z [INFO]: [object Object]
2025-03-17T13:16:40.799Z [INFO]: [object Object]
2025-03-17T13:16:40.824Z [INFO]: [object Object]
2025-03-17T13:16:40.826Z [INFO]: [object Object]
2025-03-17T13:16:43.144Z [INFO]: [object Object]
2025-03-17T13:16:43.157Z [INFO]: [object Object]
2025-03-17T13:16:43.220Z [INFO]: [object Object]
2025-03-17T13:17:45.637Z [INFO]: [object Object]
2025-03-17T13:17:45.740Z [INFO]: [object Object]
2025-03-17T13:17:50.746Z [INFO]: Connection configuration:
2025-03-17T13:17:50.748Z [ERROR]: Test connection error: sybase.createClient is not a function
2025-03-17T13:17:50.751Z [INFO]: [object Object]
2025-03-17T14:01:11.871Z [INFO]: [object Object]
2025-03-17T14:01:11.883Z [INFO]: [object Object]
2025-03-17T14:01:11.963Z [INFO]: [object Object]
2025-03-17T14:01:11.986Z [INFO]: [object Object]
2025-03-17T14:11:26.766Z [INFO]: [object Object]
2025-03-17T14:11:26.826Z [INFO]: [object Object]
2025-03-17T14:11:26.847Z [INFO]: [object Object]
2025-03-17T14:11:26.874Z [INFO]: [object Object]
2025-03-17T14:11:55.886Z [INFO]: [object Object]
2025-03-17T14:11:55.930Z [INFO]: [object Object]
2025-03-17T14:11:55.957Z [INFO]: [object Object]
2025-03-17T14:11:57.562Z [INFO]: [object Object]
2025-03-17T14:11:57.717Z [INFO]: [object Object]
2025-03-17T14:12:00.240Z [INFO]: [object Object]
2025-03-17T14:12:00.397Z [INFO]: [object Object]
2025-03-17T14:12:00.411Z [INFO]: [object Object]
2025-03-17T14:12:00.414Z [INFO]: [object Object]
2025-03-17T14:12:02.980Z [INFO]: [object Object]
2025-03-17T14:12:02.990Z [INFO]: [object Object]
2025-03-17T14:12:02.995Z [INFO]: [object Object]
2025-03-17T14:27:25.221Z [INFO]: [object Object]
2025-03-17T14:27:25.268Z [INFO]: [object Object]
2025-03-17T14:27:25.271Z [INFO]: [object Object]
2025-03-17T14:27:25.310Z [INFO]: [object Object]
2025-03-17T14:27:26.438Z [INFO]: [object Object]
2025-03-17T14:27:26.456Z [INFO]: [object Object]
2025-03-17T14:27:26.552Z [INFO]: [object Object]
2025-03-17T14:27:32.563Z [INFO]: [object Object]
2025-03-17T14:27:32.583Z [INFO]: [object Object]
2025-03-17T14:27:32.632Z [INFO]: [object Object]
2025-03-17T14:32:31.695Z [INFO]: [object Object]
2025-03-17T14:32:31.743Z [INFO]: [object Object]
2025-03-17T14:32:31.809Z [INFO]: [object Object]
2025-03-17T14:32:31.813Z [INFO]: [object Object]
2025-03-17T14:35:20.959Z [INFO]: [object Object]
2025-03-17T14:35:20.979Z [INFO]: [object Object]
2025-03-17T14:35:21.007Z [INFO]: [object Object]
2025-03-17T14:49:53.734Z [INFO]: [object Object]
2025-03-17T14:49:53.798Z [INFO]: [object Object]
2025-03-17T14:49:53.899Z [INFO]: [object Object]
2025-03-17T14:49:53.965Z [INFO]: [object Object]
2025-03-17T14:55:17.625Z [INFO]: [object Object]
2025-03-17T14:55:17.694Z [INFO]: [object Object]
2025-03-17T14:55:17.774Z [INFO]: [object Object]
2025-03-17T14:55:18.641Z [INFO]: [object Object]
2025-03-17T14:55:18.650Z [INFO]: [object Object]
2025-03-17T14:55:18.660Z [INFO]: [object Object]
2025-03-17T14:56:08.456Z [INFO]: [object Object]
2025-03-17T14:56:08.528Z [INFO]: [object Object]
2025-03-17T14:56:08.582Z [INFO]: [object Object]
2025-03-18T04:14:13.570Z [INFO]: [object Object]
2025-03-18T04:14:13.575Z [INFO]: [object Object]
2025-03-18T04:14:14.067Z [INFO]: [object Object]
2025-03-18T04:14:14.081Z [INFO]: [object Object]
2025-03-18T04:14:17.235Z [INFO]: [object Object]
2025-03-18T04:14:17.634Z [INFO]: [object Object]
2025-03-18T04:14:17.645Z [INFO]: [object Object]
2025-03-18T04:14:17.653Z [INFO]: [object Object]
2025-03-18T04:14:23.111Z [INFO]: [object Object]
2025-03-18T04:14:23.131Z [INFO]: [object Object]
2025-03-18T04:14:23.177Z [INFO]: [object Object]
2025-03-18T04:15:41.819Z [INFO]: [object Object]
2025-03-18T04:15:41.876Z [INFO]: [object Object]
2025-03-18T04:15:44.703Z [INFO]: [object Object]
2025-03-18T04:25:04.172Z [INFO]: [object Object]
2025-03-18T04:25:22.116Z [INFO]: [object Object]
2025-03-18T04:25:43.216Z [INFO]: [object Object]
2025-03-18T04:26:04.837Z [INFO]: [object Object]
2025-03-18T04:26:12.216Z [INFO]: [object Object]
2025-03-18T04:26:21.736Z [INFO]: [object Object]
2025-03-18T04:26:42.810Z [INFO]: [object Object]
2025-03-18T04:26:45.407Z [INFO]: [object Object]
2025-03-18T04:26:46.847Z [INFO]: [object Object]
2025-03-18T04:26:59.586Z [INFO]: [object Object]
2025-03-18T04:27:29.489Z [INFO]: [object Object]
2025-03-18T04:27:35.269Z [INFO]: [object Object]
2025-03-18T04:27:45.285Z [INFO]: [object Object]
2025-03-18T04:28:05.355Z [INFO]: [object Object]
2025-03-18T04:29:54.509Z [INFO]: [object Object]
2025-03-18T04:30:28.292Z [INFO]: [object Object]
2025-03-18T04:31:24.070Z [INFO]: [object Object]
2025-03-18T04:31:40.679Z [INFO]: [object Object]
2025-03-18T04:32:07.533Z [INFO]: [object Object]
2025-03-18T04:32:16.624Z [INFO]: [object Object]
2025-03-18T04:32:56.764Z [INFO]: [object Object]
2025-03-18T04:36:18.419Z [INFO]: [object Object]
2025-03-18T04:36:51.140Z [INFO]: [object Object]
2025-03-18T04:37:08.001Z [INFO]: [object Object]
2025-03-18T04:37:49.975Z [INFO]: [object Object]
2025-03-18T04:39:28.105Z [INFO]: [object Object]
2025-03-18T04:39:51.047Z [INFO]: [object Object]
2025-03-18T04:40:08.218Z [INFO]: [object Object]
2025-03-18T04:40:26.099Z [INFO]: [object Object]
2025-03-18T04:40:41.839Z [INFO]: [object Object]
2025-03-18T04:40:53.201Z [INFO]: [object Object]
2025-03-18T04:41:19.623Z [INFO]: [object Object]
2025-03-18T04:41:28.141Z [INFO]: [object Object]
2025-03-18T04:41:37.145Z [INFO]: [object Object]
2025-03-18T04:42:18.028Z [INFO]: [object Object]
2025-03-18T04:42:56.539Z [INFO]: [object Object]
2025-03-18T04:43:29.877Z [INFO]: [object Object]
2025-03-18T04:53:19.552Z [INFO]: [object Object]
2025-03-18T04:53:30.897Z [INFO]: [object Object]
2025-03-18T04:53:39.087Z [INFO]: [object Object]
2025-03-18T04:54:11.387Z [INFO]: [object Object]
2025-03-18T04:54:37.764Z [INFO]: [object Object]
2025-03-18T04:54:56.830Z [INFO]: [object Object]
2025-03-18T04:55:40.475Z [INFO]: [object Object]
2025-03-18T04:56:03.371Z [INFO]: [object Object]
2025-03-18T04:56:03.547Z [INFO]: [object Object]
2025-03-18T04:56:03.616Z [INFO]: [object Object]
2025-03-18T04:56:03.776Z [INFO]: [object Object]
2025-03-18T04:56:04.817Z [INFO]: [object Object]
2025-03-18T04:56:04.824Z [INFO]: [object Object]
2025-03-18T04:56:04.838Z [INFO]: [object Object]
2025-03-18T04:56:05.845Z [INFO]: [object Object]
2025-03-18T04:56:05.856Z [INFO]: [object Object]
2025-03-18T04:56:05.872Z [INFO]: [object Object]
2025-03-18T04:56:06.678Z [INFO]: [object Object]
2025-03-18T04:56:06.688Z [INFO]: [object Object]
2025-03-18T04:56:06.695Z [INFO]: [object Object]
2025-03-18T04:56:36.939Z [INFO]: [object Object]
2025-03-18T04:56:36.973Z [INFO]: [object Object]
2025-03-18T04:56:41.441Z [ERROR]: Connection error: odbc.connect is not a function
2025-03-18T04:56:41.442Z [INFO]: [object Object]
2025-03-18T05:11:34.890Z [INFO]: [object Object]
2025-03-18T05:11:47.748Z [INFO]: [object Object]
2025-03-18T05:11:57.827Z [INFO]: [object Object]
2025-03-18T05:12:22.939Z [INFO]: [object Object]
2025-03-18T05:12:36.969Z [INFO]: [object Object]
2025-03-18T05:12:40.614Z [INFO]: [object Object]
2025-03-18T05:12:44.214Z [INFO]: [object Object]
2025-03-18T05:12:59.294Z [INFO]: [object Object]
2025-03-18T05:13:39.962Z [INFO]: [object Object]
2025-03-18T05:13:40.081Z [INFO]: [object Object]
2025-03-18T05:13:40.093Z [INFO]: [object Object]
2025-03-18T05:13:40.566Z [INFO]: [object Object]
2025-03-18T05:13:42.695Z [ERROR]: Connection error: odbc.connect is not a function
2025-03-18T05:13:42.698Z [INFO]: [object Object]
2025-03-18T05:19:21.273Z [INFO]: [object Object]
2025-03-18T05:19:26.941Z [INFO]: [object Object]
2025-03-18T05:19:36.197Z [INFO]: [object Object]
2025-03-18T05:19:36.201Z [INFO]: [object Object]
2025-03-18T05:19:36.978Z [INFO]: [object Object]
2025-03-18T05:19:37.081Z [INFO]: [object Object]
2025-03-18T05:19:40.218Z [INFO]: [object Object]
2025-03-18T05:19:40.679Z [INFO]: [object Object]
2025-03-18T05:19:40.693Z [INFO]: [object Object]
2025-03-18T05:19:40.703Z [INFO]: [object Object]
2025-03-18T05:19:42.539Z [INFO]: [object Object]
2025-03-18T05:19:42.587Z [INFO]: [object Object]
2025-03-18T05:19:42.604Z [INFO]: [object Object]
2025-03-18T05:19:50.067Z [INFO]: [object Object]
2025-03-18T05:19:50.171Z [INFO]: [object Object]
2025-03-18T05:19:53.158Z [ERROR]: Connection error: odbc.connect is not a function
2025-03-18T05:19:53.159Z [INFO]: [object Object]
2025-03-18T05:32:29.833Z [INFO]: [object Object]
2025-03-18T05:32:29.922Z [INFO]: [object Object]
2025-03-18T05:32:30.015Z [INFO]: [object Object]
2025-03-18T05:32:30.052Z [INFO]: [object Object]
2025-03-18T05:32:32.581Z [INFO]: [object Object]
2025-03-18T05:32:32.592Z [INFO]: [object Object]
2025-03-18T05:32:32.599Z [INFO]: [object Object]
2025-03-18T05:32:33.564Z [INFO]: [object Object]
2025-03-18T05:32:33.576Z [INFO]: [object Object]
2025-03-18T05:32:33.585Z [INFO]: [object Object]
2025-03-18T05:32:36.425Z [INFO]: [object Object]
2025-03-18T05:32:36.434Z [INFO]: [object Object]
2025-03-18T05:32:36.542Z [INFO]: [object Object]
2025-03-18T05:32:38.475Z [INFO]: [object Object]
2025-03-18T05:32:38.487Z [INFO]: [object Object]
2025-03-18T05:32:38.489Z [INFO]: [object Object]
2025-03-18T05:33:16.959Z [INFO]: [object Object]
2025-03-18T05:33:16.997Z [INFO]: [object Object]
2025-03-18T05:33:23.221Z [INFO]: [object Object]
2025-03-18T05:33:23.302Z [INFO]: [object Object]
2025-03-18T05:33:25.758Z [ERROR]: Connection error: [unixODBC][Driver Manager]Can't open lib '/usr/lib/odbc/libtdsodbc.so' : file not found
2025-03-18T05:33:25.761Z [INFO]: [object Object]
2025-03-18T06:19:00.342Z [INFO]: [object Object]
2025-03-18T06:19:00.384Z [INFO]: [object Object]
2025-03-18T06:19:00.504Z [INFO]: [object Object]
2025-03-18T06:19:00.534Z [INFO]: [object Object]
2025-03-18T06:19:02.024Z [INFO]: [object Object]
2025-03-18T06:19:02.035Z [INFO]: [object Object]
2025-03-18T06:19:02.041Z [INFO]: [object Object]
2025-03-18T06:19:48.800Z [INFO]: [object Object]
2025-03-18T06:19:56.956Z [INFO]: [object Object]
2025-03-18T06:19:56.968Z [INFO]: [object Object]
2025-03-18T06:19:58.287Z [INFO]: [object Object]
2025-03-18T06:19:58.296Z [INFO]: [object Object]
2025-03-18T06:19:58.302Z [INFO]: [object Object]
2025-03-18T06:19:59.632Z [INFO]: [object Object]
2025-03-18T06:19:59.637Z [INFO]: [object Object]
2025-03-18T06:19:59.641Z [INFO]: [object Object]
2025-03-18T06:20:00.589Z [INFO]: [object Object]
2025-03-18T06:20:01.115Z [INFO]: [object Object]
2025-03-18T06:20:03.688Z [INFO]: [object Object]
2025-03-18T06:20:04.488Z [INFO]: [object Object]
2025-03-18T06:20:04.504Z [INFO]: [object Object]
2025-03-18T06:20:04.569Z [INFO]: [object Object]
2025-03-18T06:20:06.365Z [INFO]: [object Object]
2025-03-18T06:20:06.405Z [INFO]: [object Object]
2025-03-18T06:20:06.422Z [INFO]: [object Object]
2025-03-18T06:20:27.537Z [INFO]: [object Object]
2025-03-18T06:20:27.611Z [INFO]: [object Object]
2025-03-18T06:20:30.805Z [ERROR]: Connection error: [unixODBC][Driver Manager]Can't open lib '/usr/lib/odbc/libtdsodbc.so' : file not found
2025-03-18T06:20:30.807Z [INFO]: [object Object]
2025-03-18T06:57:12.406Z [INFO]: [object Object]
2025-03-18T06:57:12.472Z [INFO]: [object Object]
2025-03-18T06:57:12.651Z [INFO]: [object Object]
2025-03-18T06:57:15.371Z [INFO]: [object Object]
2025-03-18T06:57:16.432Z [INFO]: [object Object]
2025-03-18T06:57:16.441Z [INFO]: [object Object]
2025-03-18T06:57:16.450Z [INFO]: [object Object]
2025-03-18T06:57:19.717Z [INFO]: [object Object]
2025-03-18T06:57:19.742Z [INFO]: [object Object]
2025-03-18T06:57:19.853Z [INFO]: [object Object]
2025-03-18T06:57:43.310Z [INFO]: [object Object]
2025-03-18T06:57:43.428Z [INFO]: [object Object]
2025-03-18T06:57:52.716Z [ERROR]: Connection error: [FreeTDS][SQL Server]Unable to connect: Adaptive Server is unavailable or does not exist
2025-03-18T06:57:52.718Z [INFO]: [object Object]
2025-03-18T06:58:36.841Z [ERROR]: Connection error: [FreeTDS][SQL Server]Login failed.

2025-03-18T06:58:36.842Z [INFO]: [object Object]
2025-03-18T06:58:41.115Z [ERROR]: Connection error: [FreeTDS][SQL Server]Login failed.

2025-03-18T06:58:41.116Z [INFO]: [object Object]
2025-03-18T06:59:53.331Z [INFO]: [object Object]
2025-03-18T06:59:53.360Z [INFO]: [object Object]
2025-03-18T06:59:56.264Z [ERROR]: Connection error: [FreeTDS][SQL Server]Login failed.

2025-03-18T06:59:56.265Z [INFO]: [object Object]
2025-03-18T07:01:06.329Z [INFO]: [object Object]
2025-03-18T07:01:34.545Z [INFO]: [object Object]
2025-03-18T07:01:50.758Z [INFO]: [object Object]
2025-03-18T07:02:08.393Z [INFO]: [object Object]
2025-03-18T07:02:47.757Z [INFO]: [object Object]
2025-03-18T07:03:10.995Z [INFO]: [object Object]
2025-03-18T07:03:40.835Z [INFO]: [object Object]
2025-03-18T07:04:00.082Z [INFO]: [object Object]
2025-03-18T07:06:58.953Z [INFO]: [object Object]
2025-03-18T07:06:59.020Z [INFO]: [object Object]
2025-03-18T07:06:59.059Z [INFO]: [object Object]
2025-03-18T07:07:00.230Z [INFO]: [object Object]
2025-03-18T07:07:00.252Z [INFO]: [object Object]
2025-03-18T07:07:00.359Z [INFO]: [object Object]
2025-03-18T07:07:35.011Z [INFO]: [object Object]
2025-03-18T07:07:35.060Z [INFO]: [object Object]
2025-03-18T07:07:37.985Z [ERROR]: Connection error: [FreeTDS][SQL Server]Login failed.

2025-03-18T07:07:37.987Z [INFO]: [object Object]
2025-03-18T07:17:24.731Z [INFO]: [object Object]
2025-03-18T07:17:24.792Z [INFO]: [object Object]
2025-03-18T07:17:24.798Z [INFO]: [object Object]
2025-03-18T07:17:24.833Z [INFO]: [object Object]
2025-03-18T07:17:26.615Z [ERROR]: Connection error: [FreeTDS][SQL Server]Login failed.

2025-03-18T07:17:26.618Z [INFO]: [object Object]
2025-03-18T07:33:54.041Z [INFO]: [object Object]
2025-03-18T07:33:54.088Z [INFO]: [object Object]
2025-03-18T07:33:54.095Z [INFO]: [object Object]
2025-03-18T07:33:54.129Z [INFO]: [object Object]
2025-03-18T07:33:55.917Z [INFO]: [object Object]
2025-03-18T07:36:19.866Z [INFO]: [object Object]
2025-03-18T07:36:19.899Z [INFO]: [object Object]
2025-03-18T07:36:19.950Z [INFO]: [object Object]
2025-03-18T07:37:03.507Z [INFO]: [object Object]
2025-03-18T07:37:03.572Z [INFO]: [object Object]
2025-03-18T07:37:06.544Z [INFO]: [object Object]
2025-03-18T07:42:10.286Z [INFO]: [object Object]
2025-03-18T07:42:10.328Z [INFO]: [object Object]
2025-03-18T07:42:10.347Z [INFO]: [object Object]
2025-03-18T07:42:10.377Z [INFO]: [object Object]
2025-03-18T07:42:11.627Z [INFO]: [object Object]
2025-03-18T07:43:07.340Z [INFO]: [object Object]
2025-03-18T07:43:07.389Z [INFO]: [object Object]
2025-03-18T07:43:07.434Z [INFO]: [object Object]
2025-03-18T07:43:49.765Z [INFO]: [object Object]
2025-03-18T07:43:49.813Z [INFO]: [object Object]
2025-03-18T07:43:52.574Z [INFO]: [object Object]
2025-03-18T07:55:00.887Z [INFO]: [object Object]
2025-03-18T07:55:00.953Z [INFO]: [object Object]
2025-03-18T07:55:01.035Z [INFO]: [object Object]
2025-03-18T07:55:01.071Z [INFO]: [object Object]
2025-03-18T07:55:32.735Z [INFO]: [object Object]
2025-03-18T07:55:32.769Z [INFO]: [object Object]
2025-03-18T07:55:35.471Z [INFO]: [object Object]
2025-03-18T08:02:45.197Z [INFO]: [object Object]
2025-03-18T08:02:45.273Z [INFO]: [object Object]
2025-03-18T08:02:45.280Z [INFO]: [object Object]
2025-03-18T08:02:45.695Z [INFO]: [object Object]
2025-03-18T08:02:48.678Z [INFO]: [object Object]
2025-03-18T08:02:48.861Z [INFO]: [object Object]
2025-03-18T08:02:48.870Z [INFO]: [object Object]
2025-03-18T08:02:48.877Z [INFO]: [object Object]
2025-03-18T08:02:51.369Z [INFO]: [object Object]
2025-03-18T08:02:51.380Z [INFO]: [object Object]
2025-03-18T08:02:51.406Z [INFO]: [object Object]
2025-03-18T08:02:53.417Z [ERROR]: Test connection error: Maximum call stack size exceeded
2025-03-18T08:02:53.418Z [INFO]: [object Object]
2025-03-18T08:05:26.044Z [INFO]: [object Object]
2025-03-18T08:05:26.049Z [INFO]: [object Object]
2025-03-18T08:05:26.055Z [INFO]: [object Object]
2025-03-18T08:05:27.078Z [ERROR]: Test connection error: Maximum call stack size exceeded
2025-03-18T08:05:27.080Z [INFO]: [object Object]
2025-03-18T08:08:57.447Z [INFO]: [object Object]
2025-03-18T08:08:57.495Z [INFO]: [object Object]
2025-03-18T08:08:57.511Z [INFO]: [object Object]
2025-03-18T08:08:57.555Z [INFO]: [object Object]
2025-03-18T08:08:58.685Z [ERROR]: Test connection error: Maximum call stack size exceeded
2025-03-18T08:08:58.687Z [INFO]: [object Object]
2025-03-18T08:20:32.163Z [INFO]: [object Object]
2025-03-18T08:20:32.247Z [INFO]: [object Object]
2025-03-18T08:20:32.312Z [INFO]: [object Object]
2025-03-18T08:20:32.363Z [INFO]: [object Object]
2025-03-18T08:21:10.844Z [INFO]: [object Object]
2025-03-18T08:21:10.941Z [INFO]: [object Object]
2025-03-18T08:21:13.484Z [INFO]: [object Object]
2025-03-18T08:24:46.857Z [INFO]: [object Object]
2025-03-18T08:24:46.861Z [INFO]: [object Object]
2025-03-18T08:24:46.871Z [INFO]: [object Object]
2025-03-18T08:24:48.739Z [INFO]: [object Object]
2025-03-18T08:30:12.144Z [INFO]: [object Object]
2025-03-18T08:30:12.188Z [INFO]: [object Object]
2025-03-18T08:30:12.202Z [INFO]: [object Object]
2025-03-18T08:30:12.243Z [INFO]: [object Object]
2025-03-18T08:30:13.493Z [INFO]: [object Object]
2025-03-18T08:31:16.757Z [INFO]: [object Object]
2025-03-18T08:32:27.374Z [INFO]: [object Object]
2025-03-18T08:32:27.384Z [INFO]: [object Object]
2025-03-18T08:32:27.431Z [INFO]: [object Object]
2025-03-18T08:32:29.770Z [INFO]: [object Object]
2025-03-18T08:35:36.718Z [INFO]: [object Object]
2025-03-18T08:35:36.747Z [INFO]: [object Object]
2025-03-18T08:35:36.786Z [INFO]: [object Object]
2025-03-18T08:35:36.802Z [INFO]: [object Object]
2025-03-18T08:35:38.491Z [INFO]: [object Object]
2025-03-18T08:39:16.615Z [INFO]: [object Object]
2025-03-18T08:39:16.627Z [INFO]: [object Object]
2025-03-18T08:39:16.697Z [INFO]: [object Object]
2025-03-18T08:39:56.992Z [INFO]: [object Object]
2025-03-18T08:39:57.028Z [INFO]: [object Object]
2025-03-18T08:39:59.683Z [ERROR]: Test connection error: AdminUser is not associated to DatabaseQuery!
2025-03-18T08:39:59.684Z [INFO]: [object Object]
2025-03-18T08:51:27.615Z [INFO]: [object Object]
2025-03-18T08:51:27.664Z [INFO]: [object Object]
2025-03-18T08:51:27.791Z [INFO]: [object Object]
2025-03-18T08:51:27.802Z [INFO]: [object Object]
2025-03-18T08:51:29.077Z [ERROR]: Test connection error: AdminUser is not associated to DatabaseQuery!
2025-03-18T08:51:29.079Z [INFO]: [object Object]
2025-03-20T01:51:17.311Z [INFO]: [object Object]
2025-03-20T01:51:17.319Z [INFO]: [object Object]
2025-03-20T01:51:17.469Z [INFO]: [object Object]
2025-03-20T01:51:20.973Z [INFO]: [object Object]
2025-03-20T01:51:21.099Z [INFO]: [object Object]
2025-03-20T01:51:21.101Z [INFO]: [object Object]
2025-03-20T01:51:21.108Z [INFO]: [object Object]
2025-03-20T01:51:24.233Z [INFO]: [object Object]
2025-03-20T01:51:24.254Z [INFO]: [object Object]
2025-03-20T01:51:24.272Z [INFO]: [object Object]
2025-03-20T01:51:26.553Z [ERROR]: Test connection error: AdminUser is not associated to DatabaseQuery!
2025-03-20T01:51:26.554Z [INFO]: [object Object]
2025-03-20T01:54:41.389Z [INFO]: [object Object]
2025-03-20T01:54:41.526Z [INFO]: [object Object]
2025-03-20T01:54:41.545Z [INFO]: [object Object]
2025-03-20T01:54:41.581Z [INFO]: [object Object]
2025-03-20T01:54:43.507Z [INFO]: [object Object]
2025-03-20T01:54:43.523Z [INFO]: [object Object]
2025-03-20T01:54:43.563Z [INFO]: [object Object]
2025-03-20T01:55:19.327Z [INFO]: [object Object]
2025-03-20T01:55:19.372Z [INFO]: [object Object]
2025-03-20T01:55:21.990Z [ERROR]: Connection error: [FreeTDS][SQL Server]Unable to connect: Adaptive Server is unavailable or does not exist
2025-03-20T01:55:21.991Z [INFO]: [object Object]
2025-03-20T01:56:34.545Z [INFO]: [object Object]
2025-03-20T01:56:34.605Z [INFO]: [object Object]
2025-03-20T01:56:37.637Z [INFO]: [object Object]
2025-03-20T01:57:09.317Z [INFO]: [object Object]
2025-03-20T02:18:09.121Z [INFO]: [object Object]
2025-03-20T02:18:09.159Z [INFO]: [object Object]
2025-03-20T02:18:09.199Z [INFO]: [object Object]
2025-03-20T02:18:09.228Z [INFO]: [object Object]
2025-03-20T02:18:12.461Z [INFO]: [object Object]
2025-03-20T02:18:12.472Z [INFO]: [object Object]
2025-03-20T02:18:12.490Z [INFO]: [object Object]
2025-03-20T02:32:56.588Z [INFO]: [object Object]
2025-03-20T02:32:56.634Z [INFO]: [object Object]
2025-03-20T02:32:56.638Z [INFO]: [object Object]
2025-03-20T02:32:56.688Z [INFO]: [object Object]
2025-03-20T02:33:06.620Z [INFO]: [object Object]
2025-03-20T02:35:46.679Z [INFO]: [object Object]
2025-03-20T02:35:46.719Z [INFO]: [object Object]
2025-03-20T02:35:46.721Z [INFO]: [object Object]
2025-03-20T02:35:46.767Z [INFO]: [object Object]
2025-03-20T02:40:50.809Z [INFO]: [object Object]
2025-03-20T02:40:50.848Z [INFO]: [object Object]
2025-03-20T02:40:50.925Z [INFO]: [object Object]
2025-03-20T02:40:50.972Z [INFO]: [object Object]
2025-03-20T02:40:55.610Z [INFO]: [object Object]
2025-03-20T02:42:46.200Z [INFO]: [object Object]
2025-03-20T02:42:46.256Z [INFO]: [object Object]
2025-03-20T02:42:46.260Z [INFO]: [object Object]
2025-03-20T02:42:46.325Z [INFO]: [object Object]
2025-03-20T02:42:48.254Z [INFO]: [object Object]
2025-03-20T02:52:25.975Z [INFO]: [object Object]
2025-03-20T02:52:25.990Z [INFO]: [object Object]
2025-03-20T02:52:25.994Z [INFO]: [object Object]
2025-03-20T02:52:26.001Z [INFO]: [object Object]
2025-03-20T02:52:26.161Z [INFO]: [object Object]
2025-03-20T02:52:29.436Z [INFO]: [object Object]
2025-03-20T02:52:29.554Z [INFO]: [object Object]
2025-03-20T02:52:29.562Z [INFO]: [object Object]
2025-03-20T02:52:29.569Z [INFO]: [object Object]
2025-03-20T02:52:33.217Z [INFO]: [object Object]
2025-03-20T02:52:33.245Z [INFO]: [object Object]
2025-03-20T02:52:33.287Z [INFO]: [object Object]
2025-03-20T02:52:34.675Z [INFO]: [object Object]
2025-03-20T02:59:21.129Z [INFO]: [object Object]
2025-03-20T02:59:21.169Z [INFO]: [object Object]
2025-03-20T02:59:21.173Z [INFO]: [object Object]
2025-03-20T02:59:21.226Z [INFO]: [object Object]
2025-03-20T02:59:26.403Z [INFO]: [object Object]
2025-03-20T02:59:28.075Z [INFO]: [object Object]
2025-03-20T02:59:29.209Z [INFO]: [object Object]
2025-03-20T03:16:32.030Z [INFO]: [object Object]
2025-03-20T03:16:32.036Z [INFO]: [object Object]
2025-03-20T03:16:32.038Z [INFO]: [object Object]
2025-03-20T03:16:32.069Z [INFO]: [object Object]
2025-03-20T03:16:36.871Z [INFO]: [object Object]
2025-03-20T03:17:11.971Z [INFO]: [object Object]
2025-03-20T03:17:11.974Z [INFO]: [object Object]
2025-03-20T03:17:11.976Z [INFO]: [object Object]
2025-03-20T03:17:18.739Z [INFO]: [object Object]
2025-03-20T03:19:13.331Z [INFO]: [object Object]
2025-03-20T03:19:13.338Z [INFO]: [object Object]
2025-03-20T03:19:13.385Z [INFO]: [object Object]
2025-03-20T03:19:14.445Z [INFO]: [object Object]
2025-03-20T03:19:14.451Z [INFO]: [object Object]
2025-03-20T03:19:14.473Z [INFO]: [object Object]
2025-03-20T03:26:20.414Z [INFO]: [object Object]
2025-03-20T03:26:20.431Z [INFO]: [object Object]
2025-03-20T03:26:20.471Z [INFO]: [object Object]
2025-03-20T03:26:21.001Z [INFO]: [object Object]
2025-03-20T03:26:21.007Z [INFO]: [object Object]
2025-03-20T03:26:21.009Z [INFO]: [object Object]
2025-03-20T03:26:21.338Z [INFO]: [object Object]
2025-03-20T03:26:21.348Z [INFO]: [object Object]
2025-03-20T03:26:21.352Z [INFO]: [object Object]
2025-03-20T03:26:23.306Z [INFO]: [object Object]
2025-03-20T03:26:25.623Z [INFO]: [object Object]
2025-03-20T03:32:28.726Z [INFO]: [object Object]
2025-03-20T03:32:28.745Z [INFO]: [object Object]
2025-03-20T03:32:28.787Z [INFO]: [object Object]
2025-03-20T03:32:30.506Z [INFO]: [object Object]
2025-03-20T11:26:00.882Z [INFO]: [object Object]
2025-03-20T11:26:02.740Z [INFO]: [object Object]
2025-03-20T11:26:05.858Z [INFO]: [object Object]
2025-03-20T11:26:05.867Z [INFO]: [object Object]
2025-03-20T11:26:05.966Z [INFO]: [object Object]
2025-03-20T11:26:09.611Z [INFO]: [object Object]
2025-03-20T11:26:09.727Z [INFO]: [object Object]
2025-03-20T11:26:09.732Z [INFO]: [object Object]
2025-03-20T11:26:09.739Z [INFO]: [object Object]
2025-03-20T11:26:11.114Z [INFO]: [object Object]
2025-03-20T11:26:11.131Z [INFO]: [object Object]
2025-03-20T11:26:11.166Z [INFO]: [object Object]
2025-03-20T11:26:34.837Z [INFO]: [object Object]
2025-03-20T11:26:34.857Z [INFO]: [object Object]
2025-03-20T11:26:34.882Z [INFO]: [object Object]
2025-03-20T11:26:38.564Z [INFO]: [object Object]
2025-03-20T13:04:11.115Z [INFO]: [object Object]
2025-03-20T13:04:11.132Z [INFO]: [object Object]
2025-03-20T13:04:11.137Z [INFO]: [object Object]
2025-03-20T13:04:11.143Z [INFO]: [object Object]
2025-03-20T13:04:11.312Z [INFO]: [object Object]
2025-03-20T13:04:14.216Z [INFO]: [object Object]
2025-03-20T13:04:14.346Z [INFO]: [object Object]
2025-03-20T13:04:14.357Z [INFO]: [object Object]
2025-03-20T13:04:14.361Z [INFO]: [object Object]
2025-03-20T13:04:15.726Z [INFO]: [object Object]
2025-03-20T13:04:15.745Z [INFO]: [object Object]
2025-03-20T13:04:15.784Z [INFO]: [object Object]
2025-03-20T13:04:17.028Z [INFO]: [object Object]
2025-03-20T13:11:31.451Z [INFO]: [object Object]
2025-03-20T13:11:31.457Z [INFO]: [object Object]
2025-03-20T13:11:31.505Z [INFO]: [object Object]
2025-03-20T13:11:33.401Z [INFO]: [object Object]
2025-03-20T13:11:33.416Z [INFO]: [object Object]
2025-03-20T13:11:33.418Z [INFO]: [object Object]
2025-03-20T13:12:05.693Z [ERROR]: Test connection error: invalid input syntax for type integer: "undefined"
2025-03-20T13:12:05.695Z [INFO]: [object Object]
2025-03-20T13:12:17.402Z [INFO]: [object Object]
2025-03-20T13:12:17.439Z [INFO]: [object Object]
2025-03-20T13:12:20.569Z [INFO]: [object Object]
2025-03-20T13:14:56.986Z [INFO]: [object Object]
2025-03-20T13:14:56.988Z [INFO]: [object Object]
2025-03-20T13:14:57.014Z [INFO]: [object Object]
2025-03-20T13:14:58.128Z [INFO]: [object Object]
2025-03-20T13:14:58.151Z [INFO]: [object Object]
2025-03-20T13:14:58.160Z [INFO]: [object Object]
2025-03-20T13:23:08.164Z [INFO]: [object Object]
2025-03-20T13:23:08.183Z [INFO]: [object Object]
2025-03-20T13:23:08.235Z [INFO]: [object Object]
2025-03-20T13:23:11.873Z [INFO]: [object Object]
2025-03-20T13:23:24.792Z [INFO]: [object Object]
2025-03-20T13:31:15.316Z [INFO]: [object Object]
2025-03-20T13:31:15.322Z [INFO]: [object Object]
2025-03-20T13:31:15.330Z [INFO]: [object Object]
2025-03-20T13:32:46.344Z [INFO]: [object Object]
2025-03-20T13:32:46.353Z [INFO]: [object Object]
2025-03-20T13:32:46.354Z [INFO]: [object Object]
2025-03-20T13:32:47.417Z [INFO]: [object Object]
2025-03-20T13:33:05.414Z [INFO]: [object Object]
2025-03-20T13:33:05.429Z [INFO]: [object Object]
2025-03-20T13:33:05.447Z [INFO]: [object Object]
2025-03-20T13:33:16.566Z [INFO]: [object Object]
2025-03-20T13:33:16.587Z [INFO]: [object Object]
2025-03-20T13:33:16.606Z [INFO]: [object Object]
2025-03-20T13:37:12.945Z [INFO]: [object Object]
2025-03-20T13:37:12.950Z [INFO]: [object Object]
2025-03-20T13:37:12.996Z [INFO]: [object Object]
2025-03-20T13:37:13.670Z [INFO]: [object Object]
2025-03-20T13:37:13.676Z [INFO]: [object Object]
2025-03-20T13:37:13.679Z [INFO]: [object Object]
2025-03-20T13:37:19.271Z [INFO]: [object Object]
2025-03-20T13:37:19.284Z [INFO]: [object Object]
2025-03-20T13:37:19.295Z [INFO]: [object Object]
2025-03-20T13:37:20.559Z [INFO]: [object Object]
2025-03-20T13:37:29.299Z [INFO]: [object Object]
2025-03-20T13:37:29.302Z [INFO]: [object Object]
2025-03-20T13:37:29.325Z [INFO]: [object Object]
2025-03-20T13:50:34.776Z [INFO]: [object Object]
2025-03-20T13:50:34.806Z [INFO]: [object Object]
2025-03-20T13:50:34.860Z [INFO]: [object Object]
2025-03-20T13:51:02.668Z [INFO]: [object Object]
2025-03-20T14:06:33.175Z [INFO]: [object Object]
2025-03-20T14:06:33.185Z [INFO]: [object Object]
2025-03-20T14:06:33.188Z [INFO]: [object Object]
2025-03-20T14:06:33.366Z [INFO]: [object Object]
2025-03-20T14:06:36.457Z [INFO]: [object Object]
2025-03-20T14:06:36.573Z [INFO]: [object Object]
2025-03-20T14:06:36.584Z [INFO]: [object Object]
2025-03-20T14:06:36.591Z [INFO]: [object Object]
2025-03-20T14:06:41.111Z [INFO]: [object Object]
2025-03-20T14:06:41.134Z [INFO]: [object Object]
2025-03-20T14:06:41.183Z [INFO]: [object Object]
2025-03-20T14:06:43.020Z [INFO]: [object Object]
2025-03-20T14:07:26.595Z [INFO]: [object Object]
2025-03-20T14:12:20.155Z [INFO]: [object Object]
2025-03-20T14:13:53.974Z [INFO]: [object Object]
2025-03-20T14:13:53.983Z [INFO]: [object Object]
2025-03-20T14:13:53.986Z [INFO]: [object Object]
2025-03-20T14:13:55.381Z [INFO]: [object Object]
2025-03-20T14:14:46.538Z [INFO]: [object Object]
2025-03-20T14:14:46.544Z [INFO]: [object Object]
2025-03-20T14:14:46.547Z [INFO]: [object Object]
2025-03-20T14:14:47.738Z [INFO]: [object Object]
2025-03-20T14:14:47.750Z [INFO]: [object Object]
2025-03-20T14:14:47.753Z [INFO]: [object Object]
2025-03-20T14:14:48.824Z [INFO]: [object Object]
2025-03-20T14:23:09.928Z [INFO]: [object Object]
2025-03-20T14:23:13.686Z [INFO]: [object Object]
2025-03-20T14:23:13.728Z [INFO]: [object Object]
2025-03-20T14:23:13.734Z [INFO]: [object Object]
2025-03-20T14:23:13.742Z [INFO]: [object Object]
2025-03-20T14:23:15.550Z [INFO]: [object Object]
2025-03-20T14:23:20.840Z [INFO]: [object Object]
2025-03-20T14:31:56.218Z [INFO]: [object Object]
2025-03-20T14:31:56.258Z [INFO]: [object Object]
2025-03-20T14:31:56.259Z [INFO]: [object Object]
2025-03-20T14:31:56.260Z [INFO]: [object Object]
2025-03-20T14:32:00.958Z [INFO]: [object Object]
2025-03-20T14:32:00.965Z [INFO]: [object Object]
2025-03-20T14:32:00.970Z [INFO]: [object Object]
2025-03-20T14:32:02.217Z [INFO]: [object Object]
2025-03-20T14:32:02.221Z [INFO]: [object Object]
2025-03-20T14:32:02.224Z [INFO]: [object Object]
2025-03-20T14:32:08.094Z [INFO]: [object Object]
2025-03-20T14:32:34.399Z [INFO]: [object Object]
2025-03-20T14:32:34.404Z [INFO]: [object Object]
2025-03-20T14:32:34.408Z [INFO]: [object Object]
2025-03-20T14:32:35.313Z [INFO]: [object Object]
2025-03-20T14:32:35.322Z [INFO]: [object Object]
2025-03-20T14:32:35.328Z [INFO]: [object Object]
2025-03-20T14:32:37.595Z [INFO]: [object Object]
2025-03-20T14:32:46.685Z [INFO]: [object Object]
2025-03-20T14:33:00.109Z [INFO]: [object Object]
2025-03-20T14:34:06.095Z [INFO]: [object Object]
2025-03-20T14:34:06.097Z [INFO]: [object Object]
2025-03-20T14:34:06.100Z [INFO]: [object Object]
2025-03-20T14:34:07.309Z [INFO]: [object Object]
2025-03-20T14:34:11.580Z [INFO]: [object Object]
2025-03-20T14:34:42.794Z [INFO]: [object Object]
2025-03-20T15:29:29.475Z [INFO]: [object Object]
2025-03-20T15:29:29.497Z [INFO]: [object Object]
2025-03-20T15:29:29.503Z [INFO]: [object Object]
2025-03-20T15:29:29.518Z [INFO]: [object Object]
2025-03-20T15:29:29.751Z [INFO]: [object Object]
2025-03-20T15:29:32.646Z [INFO]: [object Object]
2025-03-20T15:29:35.045Z [INFO]: [object Object]
2025-03-20T15:40:38.208Z [INFO]: [object Object]
2025-03-20T15:40:38.221Z [INFO]: [object Object]
2025-03-20T15:40:41.796Z [INFO]: [object Object]
2025-03-20T15:40:41.928Z [INFO]: [object Object]
2025-03-20T15:40:41.931Z [INFO]: [object Object]
2025-03-20T15:40:41.938Z [INFO]: [object Object]
2025-03-20T15:40:48.915Z [INFO]: [object Object]
2025-03-20T15:40:48.931Z [INFO]: [object Object]
2025-03-20T15:40:48.978Z [INFO]: [object Object]
2025-03-20T15:40:51.521Z [INFO]: [object Object]
2025-03-20T15:41:22.053Z [INFO]: [object Object]
2025-03-20T15:41:22.059Z [INFO]: [object Object]
2025-03-20T15:41:22.091Z [INFO]: [object Object]
2025-03-20T15:41:27.740Z [INFO]: [object Object]
2025-03-20T15:41:27.748Z [INFO]: [object Object]
2025-03-20T15:41:27.754Z [INFO]: [object Object]
2025-03-20T15:41:37.508Z [INFO]: [object Object]
2025-03-20T15:41:37.531Z [INFO]: [object Object]
2025-03-20T15:41:37.546Z [INFO]: [object Object]
2025-03-20T15:41:41.369Z [INFO]: [object Object]
2025-03-20T15:41:41.377Z [INFO]: [object Object]
2025-03-20T15:41:41.382Z [INFO]: [object Object]
2025-03-20T15:41:42.710Z [INFO]: [object Object]
2025-03-20T15:41:42.723Z [INFO]: [object Object]
2025-03-20T15:41:42.731Z [INFO]: [object Object]
2025-03-20T15:41:44.411Z [INFO]: [object Object]
2025-03-20T15:41:48.432Z [INFO]: [object Object]
2025-03-20T15:42:09.324Z [INFO]: [object Object]
2025-03-20T15:42:37.090Z [INFO]: [object Object]
2025-03-20T15:42:37.104Z [INFO]: [object Object]
2025-03-20T15:42:37.128Z [INFO]: [object Object]
2025-03-20T15:43:41.393Z [INFO]: [object Object]
2025-03-20T15:43:41.445Z [INFO]: [object Object]
2025-03-20T15:43:44.045Z [INFO]: [object Object]
2025-03-20T15:43:49.107Z [INFO]: [object Object]
2025-03-20T15:43:49.116Z [INFO]: [object Object]
2025-03-20T15:43:49.131Z [INFO]: [object Object]
2025-03-20T15:43:50.497Z [INFO]: [object Object]
2025-03-20T15:44:05.985Z [INFO]: [object Object]
2025-03-20T15:44:28.142Z [INFO]: [object Object]
2025-03-20T15:45:47.955Z [INFO]: [object Object]
2025-03-20T15:45:47.988Z [INFO]: [object Object]
2025-03-20T15:45:48.004Z [INFO]: [object Object]
2025-03-20T15:45:48.052Z [INFO]: [object Object]
2025-03-20T15:45:49.477Z [INFO]: [object Object]
2025-03-20T15:45:53.584Z [INFO]: [object Object]
2025-03-20T15:45:59.005Z [INFO]: [object Object]
2025-03-20T15:46:03.093Z [INFO]: [object Object]
2025-03-20T15:46:51.977Z [INFO]: [object Object]
2025-03-20T15:46:52.013Z [INFO]: [object Object]
2025-03-20T15:46:52.022Z [INFO]: [object Object]
2025-03-20T15:46:52.073Z [INFO]: [object Object]
2025-03-20T15:46:53.457Z [INFO]: [object Object]
2025-03-20T15:46:56.764Z [INFO]: [object Object]
2025-03-20T15:47:08.843Z [INFO]: [object Object]
2025-03-20T15:50:36.204Z [INFO]: [object Object]
2025-03-20T15:50:36.224Z [INFO]: [object Object]
2025-03-20T15:50:36.261Z [INFO]: [object Object]
2025-03-20T15:50:36.266Z [INFO]: [object Object]
2025-03-20T15:50:37.359Z [INFO]: [object Object]
2025-03-20T15:50:55.348Z [INFO]: [object Object]
2025-03-20T16:03:19.108Z [INFO]: [object Object]
2025-03-20T16:03:19.153Z [INFO]: [object Object]
2025-03-20T16:03:19.156Z [INFO]: [object Object]
2025-03-20T16:03:19.205Z [INFO]: [object Object]
2025-03-20T16:03:21.007Z [INFO]: [object Object]
2025-03-20T16:03:34.356Z [INFO]: [object Object]
2025-03-20T16:11:54.207Z [INFO]: [object Object]
2025-03-20T16:11:54.243Z [INFO]: [object Object]
2025-03-20T16:11:54.260Z [INFO]: [object Object]
2025-03-20T16:11:54.303Z [INFO]: [object Object]
2025-03-20T16:11:55.649Z [INFO]: [object Object]
2025-03-20T16:12:11.445Z [INFO]: [object Object]
2025-03-20T16:16:08.174Z [INFO]: [object Object]
2025-03-20T16:16:08.223Z [INFO]: [object Object]
2025-03-20T16:16:08.226Z [INFO]: [object Object]
2025-03-20T16:16:08.273Z [INFO]: [object Object]
2025-03-20T16:16:09.238Z [INFO]: [object Object]
2025-03-20T16:16:25.329Z [INFO]: [object Object]
2025-03-20T16:17:47.123Z [INFO]: [object Object]
2025-03-20T16:17:47.130Z [INFO]: [object Object]
2025-03-20T16:17:47.178Z [INFO]: [object Object]
2025-03-20T16:17:48.287Z [INFO]: [object Object]
2025-03-20T16:18:00.064Z [INFO]: [object Object]
2025-03-20T16:53:33.995Z [INFO]: [object Object]
2025-03-20T16:53:34.009Z [INFO]: [object Object]
2025-03-20T16:53:34.018Z [INFO]: [object Object]
2025-03-20T16:53:34.023Z [INFO]: [object Object]
2025-03-20T16:53:34.193Z [INFO]: [object Object]
2025-03-20T16:53:37.048Z [INFO]: [object Object]
2025-03-20T16:53:37.160Z [INFO]: [object Object]
2025-03-20T16:53:37.167Z [INFO]: [object Object]
2025-03-20T16:53:37.173Z [INFO]: [object Object]
2025-03-20T16:53:40.067Z [INFO]: [object Object]
2025-03-20T16:53:40.082Z [INFO]: [object Object]
2025-03-20T16:53:40.123Z [INFO]: [object Object]
2025-03-20T16:53:46.167Z [INFO]: [object Object]
2025-03-20T16:53:49.228Z [INFO]: [object Object]
2025-03-20T16:54:05.608Z [INFO]: [object Object]
2025-03-20T16:55:05.836Z [INFO]: [object Object]
2025-03-20T16:55:05.837Z [INFO]: [object Object]
2025-03-20T16:55:05.869Z [INFO]: [object Object]
2025-03-20T16:55:30.332Z [INFO]: [object Object]
2025-03-20T16:55:30.384Z [INFO]: [object Object]
2025-03-20T16:55:34.487Z [INFO]: [object Object]
2025-03-20T16:55:34.506Z [INFO]: [object Object]
2025-03-20T16:55:34.511Z [INFO]: [object Object]
2025-03-20T16:55:35.517Z [INFO]: [object Object]
2025-03-20T16:58:28.425Z [INFO]: [object Object]
2025-03-20T16:58:28.432Z [INFO]: [object Object]
2025-03-20T16:58:28.450Z [INFO]: [object Object]
2025-03-20T16:58:37.169Z [INFO]: [object Object]
2025-03-20T16:58:37.171Z [INFO]: [object Object]
2025-03-20T16:58:37.184Z [INFO]: [object Object]
2025-03-20T17:00:53.375Z [INFO]: [object Object]
2025-03-20T17:00:53.404Z [INFO]: [object Object]
2025-03-20T17:00:53.408Z [INFO]: [object Object]
2025-03-20T17:00:53.457Z [INFO]: [object Object]
2025-03-20T17:02:21.178Z [INFO]: [object Object]
2025-03-20T17:02:21.198Z [INFO]: [object Object]
2025-03-20T17:02:21.225Z [INFO]: [object Object]
2025-03-20T17:02:26.816Z [INFO]: [object Object]
2025-03-20T17:02:26.826Z [INFO]: [object Object]
2025-03-20T17:02:26.834Z [INFO]: [object Object]
2025-03-20T17:02:27.884Z [INFO]: [object Object]
2025-03-20T17:02:27.905Z [INFO]: [object Object]
2025-03-20T17:02:27.909Z [INFO]: [object Object]
2025-03-20T17:02:29.264Z [INFO]: [object Object]
2025-03-20T17:04:06.426Z [INFO]: [object Object]
2025-03-20T17:04:06.432Z [INFO]: [object Object]
2025-03-20T17:04:06.434Z [INFO]: [object Object]
2025-03-20T17:04:08.074Z [INFO]: [object Object]
2025-03-20T17:04:32.541Z [INFO]: [object Object]
2025-03-20T17:08:39.438Z [INFO]: [object Object]
2025-03-20T17:11:26.664Z [INFO]: [object Object]
2025-03-20T17:11:26.669Z [INFO]: [object Object]
2025-03-20T17:11:26.671Z [INFO]: [object Object]
2025-03-20T17:11:26.678Z [INFO]: [object Object]
2025-03-20T17:11:28.164Z [INFO]: [object Object]
2025-03-20T17:11:40.221Z [INFO]: [object Object]
2025-03-20T17:14:12.090Z [INFO]: [object Object]
2025-03-20T17:14:15.114Z [INFO]: [object Object]
2025-03-20T17:14:15.130Z [INFO]: [object Object]
2025-03-20T17:14:15.139Z [INFO]: [object Object]
2025-03-20T17:14:15.151Z [INFO]: [object Object]
2025-03-20T17:14:17.803Z [INFO]: [object Object]
2025-03-20T17:14:17.810Z [INFO]: [object Object]
2025-03-20T17:14:17.813Z [INFO]: [object Object]
2025-03-20T17:14:19.247Z [INFO]: [object Object]
2025-03-20T17:14:30.436Z [INFO]: [object Object]
2025-03-20T17:16:12.175Z [INFO]: [object Object]
2025-03-20T17:16:12.194Z [INFO]: [object Object]
2025-03-20T17:16:12.238Z [INFO]: [object Object]
2025-03-20T17:16:13.738Z [INFO]: [object Object]
2025-03-20T17:16:27.595Z [INFO]: [object Object]
2025-03-20T17:23:09.057Z [INFO]: [object Object]
2025-03-20T17:23:09.101Z [INFO]: [object Object]
2025-03-20T17:23:09.104Z [INFO]: [object Object]
2025-03-20T17:23:09.161Z [INFO]: [object Object]
2025-03-20T17:23:10.899Z [INFO]: [object Object]
2025-03-20T17:23:21.731Z [INFO]: [object Object]
2025-03-20T17:23:21.762Z [INFO]: [object Object]
2025-03-20T17:23:29.973Z [INFO]: [object Object]
2025-03-20T17:26:54.271Z [INFO]: [object Object]
2025-03-20T17:26:54.313Z [INFO]: [object Object]
2025-03-20T17:26:54.318Z [INFO]: [object Object]
2025-03-20T17:26:54.319Z [INFO]: [object Object]
2025-03-20T17:26:55.670Z [INFO]: [object Object]
2025-03-20T17:26:55.674Z [INFO]: [object Object]
2025-03-20T17:26:55.677Z [INFO]: [object Object]
2025-03-20T17:26:58.659Z [INFO]: [object Object]
2025-03-20T17:26:58.671Z [INFO]: [object Object]
2025-03-20T17:26:58.673Z [INFO]: [object Object]
2025-03-20T17:27:22.098Z [INFO]: [object Object]
2025-03-20T17:27:22.106Z [INFO]: [object Object]
2025-03-20T17:27:22.118Z [INFO]: [object Object]
2025-03-20T17:27:28.114Z [INFO]: [object Object]
2025-03-20T17:27:28.129Z [INFO]: [object Object]
2025-03-20T17:27:28.136Z [INFO]: [object Object]
2025-03-20T17:27:30.142Z [INFO]: [object Object]
2025-03-20T17:27:30.159Z [INFO]: [object Object]
2025-03-20T17:27:30.161Z [INFO]: [object Object]
2025-03-20T17:29:08.204Z [INFO]: [object Object]
2025-03-20T17:29:08.208Z [INFO]: [object Object]
2025-03-20T17:29:08.210Z [INFO]: [object Object]
2025-03-20T17:29:18.844Z [INFO]: [object Object]
2025-03-20T17:29:18.861Z [INFO]: [object Object]
2025-03-20T17:29:18.874Z [INFO]: [object Object]
2025-03-20T17:29:21.602Z [INFO]: [object Object]
2025-03-20T17:29:21.615Z [INFO]: [object Object]
2025-03-20T17:29:21.619Z [INFO]: [object Object]
2025-03-20T17:34:52.368Z [INFO]: [object Object]
2025-03-20T17:34:52.372Z [INFO]: [object Object]
2025-03-20T17:34:52.427Z [INFO]: [object Object]
2025-03-20T17:34:53.153Z [INFO]: [object Object]
2025-03-20T17:34:53.159Z [INFO]: [object Object]
2025-03-20T17:34:53.162Z [INFO]: [object Object]
2025-03-20T17:34:54.206Z [INFO]: [object Object]
2025-03-20T17:34:54.216Z [INFO]: [object Object]
2025-03-20T17:34:54.227Z [INFO]: [object Object]
2025-03-20T17:34:54.720Z [INFO]: [object Object]
2025-03-20T17:34:54.729Z [INFO]: [object Object]
2025-03-20T17:34:54.731Z [INFO]: [object Object]
2025-03-20T17:34:56.749Z [INFO]: [object Object]
2025-03-20T17:34:56.756Z [INFO]: [object Object]
2025-03-20T17:34:56.764Z [INFO]: [object Object]
2025-03-20T17:35:01.840Z [INFO]: [object Object]
2025-03-20T17:35:01.865Z [INFO]: [object Object]
2025-03-20T17:35:09.567Z [INFO]: [object Object]
2025-03-20T17:35:09.573Z [INFO]: [object Object]
2025-03-20T17:35:09.583Z [INFO]: [object Object]
2025-03-20T17:35:12.180Z [INFO]: [object Object]
2025-03-20T17:35:12.195Z [INFO]: [object Object]
2025-03-20T17:35:12.211Z [INFO]: [object Object]
2025-03-20T17:35:16.300Z [INFO]: [object Object]
2025-03-20T17:35:16.318Z [INFO]: [object Object]
2025-03-20T17:35:16.322Z [INFO]: [object Object]
2025-03-20T17:36:45.241Z [INFO]: [object Object]
2025-03-20T17:36:45.288Z [INFO]: [object Object]
2025-03-20T17:36:45.290Z [INFO]: [object Object]
2025-03-20T17:36:45.297Z [INFO]: [object Object]
2025-03-20T17:36:49.971Z [INFO]: [object Object]
2025-03-20T17:36:49.978Z [INFO]: [object Object]
2025-03-20T17:36:49.986Z [INFO]: [object Object]
2025-03-20T17:36:52.785Z [INFO]: [object Object]
2025-03-20T17:36:52.791Z [INFO]: [object Object]
2025-03-20T17:36:52.798Z [INFO]: [object Object]
2025-03-20T17:36:54.801Z [INFO]: [object Object]
2025-03-20T17:36:54.812Z [INFO]: [object Object]
2025-03-20T17:36:54.813Z [INFO]: [object Object]
2025-03-20T17:37:01.307Z [INFO]: [object Object]
2025-03-20T17:38:12.707Z [INFO]: [object Object]
2025-03-20T17:38:12.714Z [INFO]: [object Object]
2025-03-20T17:38:12.717Z [INFO]: [object Object]
2025-03-20T17:42:31.991Z [INFO]: [object Object]
2025-03-20T17:42:31.994Z [INFO]: [object Object]
2025-03-20T17:42:31.998Z [INFO]: [object Object]
2025-03-20T17:42:32.008Z [INFO]: [object Object]
2025-03-20T17:42:32.411Z [INFO]: [object Object]
2025-03-20T17:42:32.414Z [INFO]: [object Object]
2025-03-20T17:42:32.416Z [INFO]: [object Object]
2025-03-20T17:43:10.138Z [INFO]: [object Object]
2025-03-20T17:43:10.146Z [INFO]: [object Object]
2025-03-20T17:43:10.151Z [INFO]: [object Object]
2025-03-20T17:50:08.651Z [INFO]: [object Object]
2025-03-20T17:50:08.658Z [INFO]: [object Object]
2025-03-20T17:50:08.659Z [INFO]: [object Object]
2025-03-20T17:50:08.690Z [INFO]: [object Object]
2025-03-20T17:50:41.657Z [INFO]: [object Object]
2025-03-20T17:50:41.663Z [INFO]: [object Object]
2025-03-20T17:50:41.712Z [INFO]: [object Object]
2025-03-20T17:50:42.926Z [INFO]: [object Object]
2025-03-20T17:50:42.938Z [INFO]: [object Object]
2025-03-20T17:50:42.943Z [INFO]: [object Object]
2025-03-20T17:50:44.032Z [INFO]: [object Object]
2025-03-20T17:50:44.045Z [INFO]: [object Object]
2025-03-20T17:50:44.050Z [INFO]: [object Object]
2025-03-20T17:50:44.773Z [INFO]: [object Object]
2025-03-20T17:50:44.783Z [INFO]: [object Object]
2025-03-20T17:50:44.787Z [INFO]: [object Object]
2025-03-20T17:58:50.851Z [INFO]: [object Object]
2025-03-20T17:58:50.867Z [INFO]: [object Object]
2025-03-20T17:58:50.874Z [INFO]: [object Object]
2025-03-20T17:58:50.878Z [INFO]: [object Object]
2025-03-20T17:58:51.044Z [INFO]: [object Object]
2025-03-20T17:58:54.425Z [INFO]: [object Object]
2025-03-20T17:58:54.538Z [INFO]: [object Object]
2025-03-20T17:58:54.550Z [INFO]: [object Object]
2025-03-20T17:58:54.553Z [INFO]: [object Object]
2025-03-20T17:58:56.261Z [INFO]: [object Object]
2025-03-20T17:58:56.275Z [INFO]: [object Object]
2025-03-20T17:58:56.327Z [INFO]: [object Object]
2025-03-20T18:31:09.610Z [INFO]: [object Object]
2025-03-20T18:31:09.646Z [INFO]: [object Object]
2025-03-20T18:31:09.677Z [INFO]: [object Object]
2025-03-20T18:31:09.680Z [INFO]: [object Object]
2025-03-20T18:40:25.183Z [INFO]: [object Object]
2025-03-20T18:40:25.223Z [INFO]: [object Object]
2025-03-20T18:40:25.243Z [INFO]: [object Object]
2025-03-20T18:40:25.253Z [INFO]: [object Object]
2025-03-20T18:46:44.409Z [INFO]: [object Object]
2025-03-20T18:46:44.442Z [INFO]: [object Object]
2025-03-20T18:46:44.466Z [INFO]: [object Object]
2025-03-20T18:46:44.469Z [INFO]: [object Object]
2025-03-20T18:46:51.660Z [INFO]: [object Object]
2025-03-20T18:49:32.276Z [INFO]: [object Object]
2025-03-20T18:49:32.306Z [INFO]: [object Object]
2025-03-20T18:49:32.308Z [INFO]: [object Object]
2025-03-20T18:49:33.838Z [INFO]: [object Object]
2025-03-20T18:51:50.043Z [INFO]: [object Object]
2025-03-20T18:51:50.056Z [INFO]: [object Object]
2025-03-20T18:51:50.061Z [INFO]: [object Object]
2025-03-20T18:51:51.544Z [INFO]: [object Object]
2025-03-20T18:56:04.811Z [INFO]: [object Object]
2025-03-20T18:56:04.864Z [INFO]: [object Object]
2025-03-20T18:56:04.871Z [INFO]: [object Object]
2025-03-20T18:56:04.876Z [INFO]: [object Object]
2025-03-20T18:56:06.435Z [INFO]: [object Object]
2025-03-20T18:56:06.444Z [INFO]: [object Object]
2025-03-20T18:56:06.445Z [INFO]: [object Object]
2025-03-20T18:56:12.938Z [INFO]: [object Object]
2025-03-20T18:56:12.963Z [INFO]: [object Object]
2025-03-20T18:56:12.967Z [INFO]: [object Object]
2025-03-20T18:56:14.069Z [INFO]: [object Object]
2025-03-20T19:08:25.601Z [INFO]: [object Object]
2025-03-20T19:08:25.615Z [INFO]: [object Object]
2025-03-20T19:08:25.619Z [INFO]: [object Object]
2025-03-20T19:08:25.624Z [INFO]: [object Object]
2025-03-20T19:08:25.882Z [INFO]: [object Object]
2025-03-20T19:08:29.374Z [INFO]: [object Object]
2025-03-20T19:08:29.517Z [INFO]: [object Object]
2025-03-20T19:08:29.522Z [INFO]: [object Object]
2025-03-20T19:08:29.524Z [INFO]: [object Object]
2025-03-20T19:08:31.378Z [INFO]: [object Object]
2025-03-20T19:08:31.403Z [INFO]: [object Object]
2025-03-20T19:08:31.411Z [INFO]: [object Object]
2025-03-20T19:08:32.976Z [INFO]: [object Object]
2025-03-20T19:11:31.588Z [INFO]: [object Object]
2025-03-20T19:11:31.597Z [INFO]: [object Object]
2025-03-20T19:11:31.600Z [INFO]: [object Object]
2025-03-20T19:11:32.940Z [INFO]: [object Object]
2025-03-20T19:12:21.295Z [INFO]: [object Object]
2025-03-20T19:12:21.322Z [INFO]: [object Object]
2025-03-20T19:12:21.324Z [INFO]: [object Object]
2025-03-20T19:12:22.988Z [INFO]: [object Object]
2025-03-20T19:17:56.937Z [INFO]: [object Object]
2025-03-20T19:17:56.971Z [INFO]: [object Object]
2025-03-20T19:17:56.997Z [INFO]: [object Object]
2025-03-20T19:17:57.009Z [INFO]: [object Object]
2025-03-20T19:31:24.138Z [INFO]: [object Object]
2025-03-20T19:31:24.172Z [INFO]: [object Object]
2025-03-20T19:31:24.199Z [INFO]: [object Object]
2025-03-20T19:31:24.202Z [INFO]: [object Object]
2025-03-20T19:43:57.369Z [INFO]: [object Object]
2025-03-20T19:43:57.421Z [INFO]: [object Object]
2025-03-20T19:43:57.434Z [INFO]: [object Object]
2025-03-20T19:43:57.437Z [INFO]: [object Object]
2025-03-20T19:48:13.386Z [INFO]: [object Object]
2025-03-20T19:48:13.392Z [INFO]: [object Object]
2025-03-20T19:48:13.395Z [INFO]: [object Object]
2025-03-20T19:52:58.181Z [INFO]: [object Object]
2025-03-20T19:52:58.191Z [INFO]: [object Object]
2025-03-20T19:52:58.193Z [INFO]: [object Object]
2025-03-20T19:54:48.338Z [INFO]: [object Object]
2025-03-20T19:54:48.344Z [INFO]: [object Object]
2025-03-20T19:54:48.347Z [INFO]: [object Object]
2025-03-20T19:57:23.134Z [INFO]: [object Object]
2025-03-20T19:57:23.139Z [INFO]: [object Object]
2025-03-20T19:57:23.141Z [INFO]: [object Object]
2025-03-20T20:01:53.133Z [INFO]: [object Object]
2025-03-20T20:01:53.176Z [INFO]: [object Object]
2025-03-20T20:01:53.190Z [INFO]: [object Object]
2025-03-20T20:01:53.195Z [INFO]: [object Object]
2025-03-20T20:08:31.402Z [INFO]: [object Object]
2025-03-20T20:08:31.409Z [INFO]: [object Object]
2025-03-20T20:08:31.419Z [INFO]: [object Object]
2025-03-20T20:08:31.600Z [INFO]: [object Object]
2025-03-20T20:08:34.546Z [INFO]: [object Object]
2025-03-20T20:08:34.674Z [INFO]: [object Object]
2025-03-20T20:08:34.685Z [INFO]: [object Object]
2025-03-20T20:08:34.687Z [INFO]: [object Object]
2025-03-20T20:08:36.364Z [INFO]: [object Object]
2025-03-20T20:08:36.377Z [INFO]: [object Object]
2025-03-20T20:08:36.381Z [INFO]: [object Object]
2025-03-20T20:09:00.858Z [INFO]: [object Object]
2025-03-20T20:12:08.835Z [INFO]: [object Object]
2025-03-20T20:12:54.089Z [INFO]: [object Object]
2025-03-20T20:13:19.902Z [INFO]: [object Object]
2025-03-20T20:13:19.907Z [INFO]: [object Object]
2025-03-20T20:13:19.909Z [INFO]: [object Object]
2025-03-20T20:13:19.915Z [INFO]: [object Object]
2025-03-20T20:13:21.873Z [ERROR]: Execute query error: invalid input syntax for type integer: "undefined"
2025-03-20T20:13:21.874Z [INFO]: [object Object]
2025-03-20T20:22:20.736Z [ERROR]: Execute query error: invalid input syntax for type integer: "undefined"
2025-03-20T20:22:20.737Z [INFO]: [object Object]
2025-03-21T01:11:43.978Z [INFO]: [object Object]
2025-03-21T01:11:43.982Z [INFO]: [object Object]
2025-03-21T01:11:43.986Z [INFO]: [object Object]
2025-03-21T01:11:44.127Z [INFO]: [object Object]
2025-03-21T01:11:44.134Z [INFO]: [object Object]
2025-03-21T01:11:47.911Z [INFO]: [object Object]
2025-03-21T01:11:48.031Z [INFO]: [object Object]
2025-03-21T01:11:48.040Z [INFO]: [object Object]
2025-03-21T01:11:48.043Z [INFO]: [object Object]
2025-03-21T01:11:49.936Z [INFO]: [object Object]
2025-03-21T01:11:49.955Z [INFO]: [object Object]
2025-03-21T01:11:49.957Z [INFO]: [object Object]
2025-03-21T01:16:44.666Z [INFO]: [object Object]
2025-03-21T01:16:44.672Z [INFO]: [object Object]
2025-03-21T01:16:44.673Z [INFO]: [object Object]
2025-03-21T01:16:44.678Z [INFO]: [object Object]
2025-03-21T01:19:47.490Z [INFO]: [object Object]
2025-03-21T01:20:03.825Z [INFO]: [object Object]
2025-03-21T01:20:03.920Z [INFO]: [object Object]
2025-03-21T01:20:19.685Z [INFO]: [object Object]
2025-03-21T01:23:59.239Z [INFO]: [object Object]
2025-03-21T01:45:03.263Z [INFO]: [object Object]
2025-03-21T01:45:03.269Z [INFO]: [object Object]
2025-03-21T01:45:03.272Z [INFO]: [object Object]
2025-03-21T01:45:03.318Z [INFO]: [object Object]
2025-03-21T01:45:03.948Z [INFO]: [object Object]
2025-03-21T01:45:03.954Z [INFO]: [object Object]
2025-03-21T01:45:03.955Z [INFO]: [object Object]
2025-03-21T01:45:04.698Z [INFO]: [object Object]
2025-03-21T01:45:04.709Z [INFO]: [object Object]
2025-03-21T01:45:04.710Z [INFO]: [object Object]
2025-03-21T01:45:05.333Z [INFO]: [object Object]
2025-03-21T01:45:05.336Z [INFO]: [object Object]
2025-03-21T01:45:05.348Z [INFO]: [object Object]
2025-03-21T01:45:06.008Z [INFO]: [object Object]
2025-03-21T01:45:06.020Z [INFO]: [object Object]
2025-03-21T01:45:06.023Z [INFO]: [object Object]
2025-03-21T01:45:15.106Z [INFO]: [object Object]
2025-03-21T01:53:27.293Z [INFO]: [object Object]
2025-03-21T01:53:27.357Z [INFO]: [object Object]
2025-03-21T01:53:27.361Z [INFO]: [object Object]
2025-03-21T01:53:27.574Z [INFO]: [object Object]
2025-03-21T01:53:43.909Z [INFO]: [object Object]
2025-03-21T01:53:43.940Z [INFO]: [object Object]
2025-03-21T01:54:13.560Z [INFO]: [object Object]
2025-03-21T01:54:13.565Z [INFO]: [object Object]
2025-03-21T01:54:13.572Z [INFO]: [object Object]
2025-03-21T01:54:16.018Z [INFO]: [object Object]
2025-03-21T01:54:16.027Z [INFO]: [object Object]
2025-03-21T01:54:16.043Z [INFO]: [object Object]
2025-03-21T01:54:23.633Z [INFO]: [object Object]
2025-03-21T01:54:23.634Z [INFO]: [object Object]
2025-03-21T01:54:23.644Z [INFO]: [object Object]
2025-03-21T01:54:25.702Z [INFO]: [object Object]
2025-03-21T01:54:25.713Z [INFO]: [object Object]
2025-03-21T01:54:25.715Z [INFO]: [object Object]
2025-03-21T01:54:53.260Z [INFO]: [object Object]
2025-03-21T02:00:28.115Z [INFO]: [object Object]
2025-03-21T02:02:54.734Z [INFO]: [object Object]
2025-03-21T02:02:54.770Z [INFO]: [object Object]
2025-03-21T02:02:54.800Z [INFO]: [object Object]
2025-03-21T02:02:54.804Z [INFO]: [object Object]
2025-03-21T02:02:59.865Z [INFO]: [object Object]
2025-03-21T02:19:47.149Z [INFO]: [object Object]
2025-03-21T02:19:47.155Z [INFO]: [object Object]
2025-03-21T02:19:47.159Z [INFO]: [object Object]
2025-03-21T02:19:47.357Z [INFO]: [object Object]
2025-03-21T02:19:47.365Z [INFO]: [object Object]
2025-03-21T02:19:50.343Z [INFO]: [object Object]
2025-03-21T02:19:50.466Z [INFO]: [object Object]
2025-03-21T02:19:50.479Z [INFO]: [object Object]
2025-03-21T02:19:50.481Z [INFO]: [object Object]
2025-03-21T02:19:51.791Z [INFO]: [object Object]
2025-03-21T02:19:51.800Z [INFO]: [object Object]
2025-03-21T02:19:51.804Z [INFO]: [object Object]
2025-03-21T02:19:59.362Z [INFO]: [object Object]
2025-03-21T02:22:38.305Z [INFO]: [object Object]
2025-03-21T02:22:38.317Z [INFO]: [object Object]
2025-03-21T02:22:38.318Z [INFO]: [object Object]
2025-03-21T02:22:43.655Z [INFO]: [object Object]
2025-03-21T02:32:20.876Z [INFO]: [object Object]
2025-03-21T02:32:20.924Z [INFO]: [object Object]
2025-03-21T02:32:20.953Z [INFO]: [object Object]
2025-03-21T02:32:20.955Z [INFO]: [object Object]
2025-03-21T02:32:25.304Z [INFO]: [object Object]
2025-03-21T02:35:50.533Z [INFO]: [object Object]
2025-03-21T02:35:50.564Z [INFO]: [object Object]
2025-03-21T02:35:50.565Z [INFO]: [object Object]
2025-03-21T02:36:05.210Z [INFO]: [object Object]
2025-03-21T02:36:05.244Z [INFO]: [object Object]
2025-03-21T02:40:11.090Z [INFO]: [object Object]
2025-03-21T02:40:11.096Z [INFO]: [object Object]
2025-03-21T02:40:11.098Z [INFO]: [object Object]
2025-03-21T02:40:11.137Z [INFO]: [object Object]
2025-03-21T02:40:13.883Z [INFO]: [object Object]
2025-03-21T02:40:52.278Z [INFO]: [object Object]
2025-03-21T02:40:52.283Z [INFO]: [object Object]
2025-03-21T02:40:52.285Z [INFO]: [object Object]
2025-03-21T02:41:47.545Z [INFO]: [object Object]
2025-03-21T02:41:47.548Z [INFO]: [object Object]
2025-03-21T02:41:47.550Z [INFO]: [object Object]
2025-03-21T02:41:49.471Z [INFO]: [object Object]
2025-03-21T02:42:09.035Z [INFO]: [object Object]
2025-03-21T02:42:09.038Z [INFO]: [object Object]
2025-03-21T02:42:09.068Z [INFO]: [object Object]
2025-03-21T02:42:22.607Z [INFO]: [object Object]
2025-03-21T02:42:22.625Z [INFO]: [object Object]
2025-03-21T02:42:22.627Z [INFO]: [object Object]
2025-03-21T02:43:16.718Z [INFO]: [object Object]
2025-03-21T02:43:16.724Z [INFO]: [object Object]
2025-03-21T02:43:16.726Z [INFO]: [object Object]
2025-03-21T02:43:20.284Z [INFO]: [object Object]
2025-03-21T02:45:16.811Z [INFO]: [object Object]
2025-03-21T02:49:49.923Z [INFO]: [object Object]
2025-03-21T02:49:49.932Z [INFO]: [object Object]
2025-03-21T02:49:49.936Z [INFO]: [object Object]
2025-03-21T02:49:49.979Z [INFO]: [object Object]
2025-03-21T02:50:12.818Z [INFO]: [object Object]
2025-03-21T02:50:12.831Z [INFO]: [object Object]
2025-03-21T02:50:12.834Z [INFO]: [object Object]
2025-03-21T02:50:22.926Z [ERROR]: Connection error: [FreeTDS][SQL Server]Unable to connect: Adaptive Server is unavailable or does not exist
2025-03-21T02:50:22.932Z [INFO]: [object Object]
2025-03-21T02:50:28.056Z [ERROR]: Query execution error: [FreeTDS][SQL Server]TEST not found. Specify owner.objectname or use sp_help to check whether the object exists (sp_help may produce lots of output).

2025-03-21T02:50:28.064Z [INFO]: [object Object]
2025-03-21T02:51:06.046Z [ERROR]: Query execution error: [FreeTDS][SQL Server]TEST not found. Specify owner.objectname or use sp_help to check whether the object exists (sp_help may produce lots of output).

2025-03-21T02:51:06.049Z [INFO]: [object Object]
2025-03-21T02:52:00.427Z [INFO]: [object Object]
2025-03-21T02:52:00.432Z [INFO]: [object Object]
2025-03-21T02:52:00.438Z [INFO]: [object Object]
2025-03-21T02:52:00.483Z [INFO]: [object Object]
2025-03-21T02:52:01.414Z [INFO]: [object Object]
2025-03-21T02:52:01.416Z [INFO]: [object Object]
2025-03-21T02:52:01.423Z [INFO]: [object Object]
2025-03-21T02:52:02.903Z [INFO]: [object Object]
2025-03-21T02:52:02.908Z [INFO]: [object Object]
2025-03-21T02:52:02.914Z [INFO]: [object Object]
2025-03-21T02:52:06.921Z [INFO]: [object Object]
2025-03-21T02:52:06.979Z [INFO]: [object Object]
2025-03-21T02:52:46.940Z [INFO]: [object Object]
2025-03-21T02:52:46.971Z [INFO]: [object Object]
2025-03-21T02:52:47.044Z [INFO]: [object Object]
2025-03-21T02:52:47.128Z [INFO]: [object Object]
2025-03-21T02:52:47.227Z [INFO]: [object Object]
2025-03-21T02:52:47.381Z [INFO]: [object Object]
2025-03-21T02:52:47.390Z [INFO]: [object Object]
2025-03-21T02:52:47.399Z [INFO]: [object Object]
2025-03-21T02:52:57.716Z [INFO]: [object Object]
2025-03-21T02:52:57.717Z [INFO]: [object Object]
2025-03-21T02:52:57.776Z [INFO]: [object Object]
2025-03-21T02:52:57.830Z [INFO]: [object Object]
2025-03-21T02:52:57.915Z [INFO]: [object Object]
2025-03-21T02:52:58.065Z [INFO]: [object Object]
2025-03-21T02:52:58.072Z [INFO]: [object Object]
2025-03-21T02:52:58.080Z [INFO]: [object Object]
2025-03-21T02:53:31.126Z [INFO]: [object Object]
2025-03-21T02:53:31.210Z [INFO]: [object Object]
2025-03-21T02:53:55.060Z [INFO]: [object Object]
2025-03-21T02:53:55.115Z [INFO]: [object Object]
2025-03-21T02:55:25.283Z [INFO]: [object Object]
2025-03-21T02:55:25.284Z [INFO]: [object Object]
2025-03-21T02:55:25.290Z [INFO]: [object Object]
2025-03-21T02:55:25.988Z [INFO]: [object Object]
2025-03-21T02:55:25.996Z [INFO]: [object Object]
2025-03-21T02:55:26.004Z [INFO]: [object Object]
2025-03-21T03:15:19.594Z [INFO]: [object Object]
2025-03-21T03:15:19.777Z [INFO]: [object Object]
2025-03-21T03:15:19.787Z [INFO]: [object Object]
2025-03-21T03:15:22.858Z [INFO]: [object Object]
2025-03-21T03:15:22.946Z [INFO]: [object Object]
2025-03-21T03:15:22.948Z [INFO]: [object Object]
2025-03-21T03:15:23.009Z [INFO]: [object Object]
2025-03-21T03:15:23.080Z [INFO]: [object Object]
2025-03-21T03:29:25.426Z [INFO]: [object Object]
2025-03-21T03:29:25.427Z [INFO]: [object Object]
2025-03-21T03:29:25.478Z [INFO]: [object Object]
2025-03-21T03:29:25.506Z [INFO]: [object Object]
2025-03-21T03:29:25.562Z [INFO]: [object Object]
2025-03-21T03:29:25.581Z [INFO]: [object Object]
2025-03-21T03:29:30.146Z [INFO]: [object Object]
2025-03-21T03:29:30.148Z [INFO]: [object Object]
2025-03-21T03:29:30.208Z [INFO]: [object Object]
2025-03-21T03:29:30.216Z [INFO]: [object Object]
2025-03-21T03:29:30.240Z [INFO]: [object Object]
2025-03-21T08:06:33.498Z [INFO]: [object Object]
2025-03-21T08:06:33.515Z [INFO]: [object Object]
2025-03-21T08:06:33.645Z [INFO]: [object Object]
2025-03-21T08:06:47.573Z [INFO]: [object Object]
2025-03-21T08:06:48.316Z [INFO]: [object Object]
2025-03-21T08:06:48.327Z [INFO]: [object Object]
2025-03-21T08:06:48.330Z [INFO]: [object Object]
2025-03-21T08:06:59.751Z [INFO]: [object Object]
2025-03-21T08:06:59.779Z [INFO]: [object Object]
2025-03-21T08:06:59.781Z [INFO]: [object Object]
2025-03-21T08:07:06.927Z [INFO]: [object Object]
2025-03-21T08:07:07.042Z [INFO]: [object Object]
2025-03-21T08:07:12.303Z [INFO]: [object Object]
2025-03-21T08:07:12.389Z [INFO]: [object Object]
2025-03-21T08:07:12.392Z [INFO]: [object Object]
2025-03-21T08:07:12.422Z [INFO]: [object Object]
2025-03-21T08:07:12.429Z [INFO]: [object Object]
2025-03-21T08:07:12.456Z [INFO]: [object Object]
2025-03-21T08:23:02.537Z [INFO]: [object Object]
2025-03-21T08:23:02.541Z [INFO]: [object Object]
2025-03-21T08:23:02.566Z [INFO]: [object Object]
2025-03-21T08:23:02.616Z [INFO]: [object Object]
2025-03-21T08:23:02.659Z [INFO]: [object Object]
2025-03-21T08:34:59.404Z [INFO]: [object Object]
2025-03-21T08:34:59.407Z [INFO]: [object Object]
2025-03-21T08:34:59.449Z [INFO]: [object Object]
2025-03-21T08:34:59.479Z [INFO]: [object Object]
2025-03-21T08:34:59.531Z [INFO]: [object Object]
2025-03-21T08:59:16.348Z [INFO]: [object Object]
2025-03-21T08:59:16.354Z [INFO]: [object Object]
2025-03-21T08:59:16.376Z [INFO]: [object Object]
2025-03-21T08:59:16.441Z [INFO]: [object Object]
2025-03-21T08:59:16.513Z [INFO]: [object Object]
2025-03-21T08:59:16.620Z [INFO]: [object Object]
2025-03-21T08:59:23.695Z [INFO]: [object Object]
2025-03-21T08:59:23.863Z [INFO]: [object Object]
2025-03-21T08:59:23.877Z [INFO]: [object Object]
2025-03-21T08:59:23.879Z [INFO]: [object Object]
2025-03-21T08:59:35.082Z [INFO]: [object Object]
2025-03-21T08:59:35.096Z [INFO]: [object Object]
2025-03-21T08:59:46.093Z [INFO]: [object Object]
2025-03-21T08:59:46.105Z [INFO]: [object Object]
2025-03-21T08:59:46.111Z [INFO]: [object Object]
2025-03-21T09:01:39.453Z [INFO]: [object Object]
2025-03-21T09:01:39.518Z [INFO]: [object Object]
2025-03-21T09:02:14.681Z [INFO]: [object Object]
2025-03-21T09:02:14.724Z [INFO]: [object Object]
2025-03-21T09:02:22.683Z [INFO]: [object Object]
2025-03-21T09:02:22.703Z [INFO]: [object Object]
2025-03-21T09:02:22.724Z [INFO]: [object Object]
2025-03-21T09:02:22.771Z [INFO]: [object Object]
2025-03-21T09:02:46.676Z [INFO]: [object Object]
2025-03-21T09:05:23.239Z [INFO]: [object Object]
2025-03-21T09:05:23.271Z [INFO]: [object Object]
2025-03-21T09:07:09.187Z [ERROR]: Query execution error: [FreeTDS][SQL Server]'$' is an invalid money value.

2025-03-21T09:07:09.190Z [INFO]: [object Object]
2025-03-21T09:07:43.423Z [INFO]: [object Object]
2025-03-21T09:07:43.478Z [INFO]: [object Object]
2025-03-21T09:07:43.486Z [INFO]: [object Object]
2025-03-21T09:07:43.490Z [INFO]: [object Object]
2025-03-21T09:10:03.888Z [INFO]: [object Object]
2025-03-21T09:10:04.073Z [INFO]: [object Object]
2025-03-21T09:10:09.612Z [INFO]: [object Object]
2025-03-21T09:10:09.713Z [INFO]: [object Object]
2025-03-21T09:10:09.715Z [INFO]: [object Object]
2025-03-21T09:10:09.754Z [INFO]: [object Object]
2025-03-21T09:10:09.777Z [INFO]: [object Object]
2025-03-21T09:18:42.427Z [INFO]: [object Object]
2025-03-21T09:18:42.452Z [INFO]: [object Object]
2025-03-21T09:18:42.486Z [INFO]: [object Object]
2025-03-21T09:57:45.011Z [INFO]: [object Object]
2025-03-21T09:57:45.128Z [INFO]: [object Object]
2025-03-21T09:57:45.332Z [INFO]: [object Object]
2025-03-21T09:57:55.288Z [INFO]: [object Object]
2025-03-21T09:57:55.495Z [INFO]: [object Object]
2025-03-21T09:57:57.151Z [INFO]: [object Object]
2025-03-21T09:57:57.389Z [INFO]: [object Object]
2025-03-21T09:57:59.531Z [INFO]: [object Object]
2025-03-21T09:57:59.568Z [INFO]: [object Object]
2025-03-21T09:58:01.867Z [INFO]: [object Object]
2025-03-21T09:58:02.070Z [INFO]: [object Object]
2025-03-21T10:01:40.680Z [INFO]: [object Object]
2025-03-21T10:01:40.908Z [INFO]: [object Object]
2025-03-21T10:01:52.831Z [INFO]: [object Object]
2025-03-21T10:01:53.056Z [INFO]: [object Object]
2025-03-21T10:04:06.432Z [INFO]: [object Object]
2025-03-21T10:04:06.709Z [INFO]: [object Object]
2025-03-21T10:10:44.933Z [INFO]: [object Object]
2025-03-21T10:10:45.223Z [INFO]: [object Object]
2025-03-21T10:10:45.392Z [INFO]: [object Object]
2025-03-21T10:10:45.412Z [INFO]: [object Object]
2025-03-21T10:10:53.948Z [INFO]: [object Object]
2025-03-21T10:10:54.263Z [INFO]: [object Object]
2025-03-21T10:10:54.310Z [INFO]: [object Object]
2025-03-21T10:16:26.645Z [INFO]: [object Object]
2025-03-21T10:16:26.847Z [INFO]: [object Object]
2025-03-21T10:16:26.945Z [INFO]: [object Object]
2025-03-21T10:21:26.773Z [INFO]: [object Object]
2025-03-21T10:21:26.987Z [INFO]: [object Object]
2025-03-21T10:22:11.598Z [INFO]: [object Object]
2025-03-21T10:22:11.830Z [INFO]: [object Object]
2025-03-21T10:33:50.301Z [INFO]: [object Object]
2025-03-21T10:33:52.735Z [INFO]: [object Object]
2025-03-21T10:33:52.958Z [INFO]: [object Object]
2025-03-21T10:40:30.966Z [INFO]: [object Object]
2025-03-21T10:40:31.236Z [INFO]: [object Object]
2025-03-21T10:40:31.529Z [INFO]: [object Object]
2025-03-21T10:41:29.742Z [ERROR]: ReferenceError: crypto is not defined
    at /usr/src/app/src/app.js:23:27
    at Layer.handle [as handle_request] (/usr/src/app/node_modules/express/lib/router/layer.js:95:5)
    at trim_prefix (/usr/src/app/node_modules/express/lib/router/index.js:328:13)
    at /usr/src/app/node_modules/express/lib/router/index.js:286:9
    at Function.process_params (/usr/src/app/node_modules/express/lib/router/index.js:346:12)
    at next (/usr/src/app/node_modules/express/lib/router/index.js:280:10)
    at expressInit (/usr/src/app/node_modules/express/lib/middleware/init.js:40:5)
    at Layer.handle [as handle_request] (/usr/src/app/node_modules/express/lib/router/layer.js:95:5)
    at trim_prefix (/usr/src/app/node_modules/express/lib/router/index.js:328:13)
    at /usr/src/app/node_modules/express/lib/router/index.js:286:9
2025-03-21T10:41:29.813Z [ERROR]: ReferenceError: crypto is not defined
    at /usr/src/app/src/app.js:23:27
    at Layer.handle [as handle_request] (/usr/src/app/node_modules/express/lib/router/layer.js:95:5)
    at trim_prefix (/usr/src/app/node_modules/express/lib/router/index.js:328:13)
    at /usr/src/app/node_modules/express/lib/router/index.js:286:9
    at Function.process_params (/usr/src/app/node_modules/express/lib/router/index.js:346:12)
    at next (/usr/src/app/node_modules/express/lib/router/index.js:280:10)
    at expressInit (/usr/src/app/node_modules/express/lib/middleware/init.js:40:5)
    at Layer.handle [as handle_request] (/usr/src/app/node_modules/express/lib/router/layer.js:95:5)
    at trim_prefix (/usr/src/app/node_modules/express/lib/router/index.js:328:13)
    at /usr/src/app/node_modules/express/lib/router/index.js:286:9
2025-03-21T10:41:37.856Z [ERROR]: ReferenceError: crypto is not defined
    at /usr/src/app/src/app.js:23:27
    at Layer.handle [as handle_request] (/usr/src/app/node_modules/express/lib/router/layer.js:95:5)
    at trim_prefix (/usr/src/app/node_modules/express/lib/router/index.js:328:13)
    at /usr/src/app/node_modules/express/lib/router/index.js:286:9
    at Function.process_params (/usr/src/app/node_modules/express/lib/router/index.js:346:12)
    at next (/usr/src/app/node_modules/express/lib/router/index.js:280:10)
    at expressInit (/usr/src/app/node_modules/express/lib/middleware/init.js:40:5)
    at Layer.handle [as handle_request] (/usr/src/app/node_modules/express/lib/router/layer.js:95:5)
    at trim_prefix (/usr/src/app/node_modules/express/lib/router/index.js:328:13)
    at /usr/src/app/node_modules/express/lib/router/index.js:286:9
2025-03-21T10:41:37.926Z [ERROR]: ReferenceError: crypto is not defined
    at /usr/src/app/src/app.js:23:27
    at Layer.handle [as handle_request] (/usr/src/app/node_modules/express/lib/router/layer.js:95:5)
    at trim_prefix (/usr/src/app/node_modules/express/lib/router/index.js:328:13)
    at /usr/src/app/node_modules/express/lib/router/index.js:286:9
    at Function.process_params (/usr/src/app/node_modules/express/lib/router/index.js:346:12)
    at next (/usr/src/app/node_modules/express/lib/router/index.js:280:10)
    at expressInit (/usr/src/app/node_modules/express/lib/middleware/init.js:40:5)
    at Layer.handle [as handle_request] (/usr/src/app/node_modules/express/lib/router/layer.js:95:5)
    at trim_prefix (/usr/src/app/node_modules/express/lib/router/index.js:328:13)
    at /usr/src/app/node_modules/express/lib/router/index.js:286:9
2025-03-21T10:43:44.062Z [INFO]: [object Object]
2025-03-21T10:43:54.842Z [INFO]: [object Object]
2025-03-21T10:43:55.145Z [INFO]: [object Object]
2025-03-21T10:43:55.233Z [INFO]: [object Object]
2025-03-21T10:45:28.372Z [INFO]: [object Object]
2025-03-21T10:46:30.972Z [INFO]: [object Object]
2025-03-21T10:46:31.002Z [INFO]: [object Object]
2025-03-21T10:46:31.045Z [INFO]: [object Object]
2025-03-21T10:48:34.892Z [ERROR]: Error: It appears you have done something like `app.use(helmet)`, but it should be `app.use(helmet())`.
    at helmet (/usr/src/app/node_modules/helmet/index.cjs:516:10)
    at Layer.handle [as handle_request] (/usr/src/app/node_modules/express/lib/router/layer.js:95:5)
    at trim_prefix (/usr/src/app/node_modules/express/lib/router/index.js:328:13)
    at /usr/src/app/node_modules/express/lib/router/index.js:286:9
    at Function.process_params (/usr/src/app/node_modules/express/lib/router/index.js:346:12)
    at next (/usr/src/app/node_modules/express/lib/router/index.js:280:10)
    at expressInit (/usr/src/app/node_modules/express/lib/middleware/init.js:40:5)
    at Layer.handle [as handle_request] (/usr/src/app/node_modules/express/lib/router/layer.js:95:5)
    at trim_prefix (/usr/src/app/node_modules/express/lib/router/index.js:328:13)
    at /usr/src/app/node_modules/express/lib/router/index.js:286:9
2025-03-21T10:48:34.986Z [ERROR]: Error: It appears you have done something like `app.use(helmet)`, but it should be `app.use(helmet())`.
    at helmet (/usr/src/app/node_modules/helmet/index.cjs:516:10)
    at Layer.handle [as handle_request] (/usr/src/app/node_modules/express/lib/router/layer.js:95:5)
    at trim_prefix (/usr/src/app/node_modules/express/lib/router/index.js:328:13)
    at /usr/src/app/node_modules/express/lib/router/index.js:286:9
    at Function.process_params (/usr/src/app/node_modules/express/lib/router/index.js:346:12)
    at next (/usr/src/app/node_modules/express/lib/router/index.js:280:10)
    at expressInit (/usr/src/app/node_modules/express/lib/middleware/init.js:40:5)
    at Layer.handle [as handle_request] (/usr/src/app/node_modules/express/lib/router/layer.js:95:5)
    at trim_prefix (/usr/src/app/node_modules/express/lib/router/index.js:328:13)
    at /usr/src/app/node_modules/express/lib/router/index.js:286:9
2025-03-21T10:50:53.124Z [INFO]: [object Object]
2025-03-21T10:50:53.166Z [INFO]: [object Object]
2025-03-21T10:51:12.781Z [INFO]: [object Object]
2025-03-21T10:51:23.902Z [INFO]: [object Object]
2025-03-21T10:51:24.216Z [INFO]: [object Object]
2025-03-21T10:51:24.248Z [INFO]: [object Object]
2025-03-21T10:59:40.716Z [INFO]: [object Object]
2025-03-21T11:00:46.775Z [INFO]: [object Object]
2025-03-21T11:00:53.291Z [INFO]: [object Object]
2025-03-21T11:00:53.423Z [INFO]: [object Object]
2025-03-21T11:00:53.447Z [INFO]: [object Object]
2025-03-21T11:00:53.479Z [INFO]: [object Object]
2025-03-21T11:00:53.485Z [INFO]: [object Object]
2025-03-21T11:00:53.495Z [INFO]: [object Object]
2025-03-21T11:04:11.896Z [INFO]: [object Object]
2025-03-21T11:04:11.930Z [INFO]: [object Object]
2025-03-21T11:17:00.654Z [INFO]: [object Object]
2025-03-21T11:17:00.680Z [INFO]: [object Object]
2025-03-21T11:17:00.700Z [INFO]: [object Object]
2025-03-21T11:17:09.862Z [INFO]: [object Object]
2025-03-21T11:18:39.388Z [INFO]: [object Object]
2025-03-21T11:18:39.426Z [INFO]: [object Object]
2025-03-21T12:39:37.866Z [INFO]: [object Object]
2025-03-21T12:39:37.881Z [INFO]: [object Object]
2025-03-21T12:39:37.995Z [INFO]: [object Object]
2025-03-21T12:39:42.414Z [INFO]: [object Object]
2025-03-21T12:39:42.551Z [INFO]: [object Object]
2025-03-21T12:39:42.559Z [INFO]: [object Object]
2025-03-21T12:39:42.562Z [INFO]: [object Object]
2025-03-21T12:39:50.713Z [INFO]: [object Object]
2025-03-21T12:39:50.717Z [INFO]: [object Object]
2025-03-21T12:39:50.721Z [INFO]: [object Object]
2025-03-21T12:39:56.913Z [INFO]: [object Object]
2025-03-21T12:40:10.932Z [ERROR]: Connection error: [FreeTDS][SQL Server]Attempt to locate entry in sysdatabases for database 'FA' by name failed - no entry found under that name. Make sure that name is entered properly.

2025-03-21T12:40:10.933Z [INFO]: [object Object]
2025-03-21T12:40:21.002Z [INFO]: [object Object]
2025-03-21T12:40:21.012Z [INFO]: [object Object]
2025-03-21T12:40:21.018Z [INFO]: [object Object]
2025-03-21T12:40:23.506Z [INFO]: [object Object]
2025-03-21T12:40:23.523Z [INFO]: [object Object]
2025-03-21T12:40:23.529Z [INFO]: [object Object]
2025-03-21T12:43:39.006Z [INFO]: [object Object]
2025-03-21T12:43:39.033Z [INFO]: [object Object]
2025-03-21T12:43:39.035Z [INFO]: [object Object]
2025-03-21T12:43:39.043Z [INFO]: [object Object]
2025-03-21T12:43:42.316Z [INFO]: [object Object]
2025-03-21T12:43:42.323Z [INFO]: [object Object]
2025-03-21T12:43:42.327Z [INFO]: [object Object]
2025-03-21T16:22:46.432Z [INFO]: [object Object]
2025-03-21T16:22:46.438Z [INFO]: [object Object]
2025-03-21T16:22:46.442Z [INFO]: [object Object]
2025-03-21T16:22:46.451Z [INFO]: [object Object]
2025-03-21T16:22:46.533Z [INFO]: [object Object]
2025-03-21T16:22:54.150Z [INFO]: [object Object]
2025-03-21T16:22:54.203Z [INFO]: [object Object]
2025-03-21T16:22:54.217Z [INFO]: [object Object]
2025-03-21T16:24:34.495Z [INFO]: [object Object]
2025-03-21T16:24:34.518Z [INFO]: [object Object]
2025-03-21T16:24:34.534Z [INFO]: [object Object]
2025-03-21T16:26:23.108Z [INFO]: [object Object]
2025-03-21T16:26:23.124Z [INFO]: [object Object]
2025-03-21T16:26:42.133Z [INFO]: [object Object]
2025-03-21T16:26:46.305Z [INFO]: [object Object]
2025-03-21T16:26:46.356Z [INFO]: [object Object]
2025-03-21T16:26:46.367Z [INFO]: [object Object]
2025-03-21T16:26:51.098Z [INFO]: [object Object]
2025-03-21T16:26:54.662Z [INFO]: [object Object]
2025-03-21T16:26:54.722Z [INFO]: [object Object]
2025-03-21T16:26:54.727Z [INFO]: [object Object]
2025-03-21T16:26:54.731Z [INFO]: [object Object]
2025-03-21T16:26:58.338Z [INFO]: [object Object]
2025-03-21T16:26:58.347Z [INFO]: [object Object]
2025-03-21T16:26:58.348Z [INFO]: [object Object]
2025-03-21T16:27:01.503Z [INFO]: [object Object]
2025-03-21T16:27:01.508Z [INFO]: [object Object]
2025-03-21T16:27:01.512Z [INFO]: [object Object]
2025-03-21T16:27:03.005Z [INFO]: [object Object]
2025-03-21T16:27:03.021Z [INFO]: [object Object]
2025-03-21T16:27:03.022Z [INFO]: [object Object]
2025-03-21T16:33:32.113Z [INFO]: [object Object]
2025-03-21T16:33:32.152Z [INFO]: [object Object]
2025-03-21T16:33:32.156Z [INFO]: [object Object]
2025-03-21T16:33:32.158Z [INFO]: [object Object]
2025-03-21T16:33:34.478Z [INFO]: [object Object]
2025-03-21T16:33:34.541Z [INFO]: [object Object]
2025-03-21T16:33:38.207Z [INFO]: [object Object]
2025-03-21T16:33:42.539Z [INFO]: [object Object]
2025-03-21T16:33:42.593Z [INFO]: [object Object]
2025-03-21T16:33:42.600Z [INFO]: [object Object]
2025-03-21T16:33:42.612Z [INFO]: [object Object]
2025-03-21T16:35:32.081Z [INFO]: [object Object]
2025-03-21T16:35:32.100Z [INFO]: [object Object]
2025-03-21T16:35:32.115Z [INFO]: [object Object]
2025-03-21T16:38:33.827Z [INFO]: [object Object]
2025-03-21T16:38:33.846Z [INFO]: [object Object]
2025-03-21T16:40:17.741Z [INFO]: [object Object]
2025-03-21T16:40:17.759Z [INFO]: [object Object]
2025-03-21T16:40:19.088Z [INFO]: [object Object]
2025-03-21T16:40:19.161Z [INFO]: [object Object]
2025-03-21T16:40:23.019Z [INFO]: [object Object]
2025-03-21T16:40:23.079Z [INFO]: [object Object]
2025-03-21T16:40:23.091Z [INFO]: [object Object]
2025-03-21T16:40:49.842Z [INFO]: [object Object]
2025-03-21T16:40:49.855Z [INFO]: [object Object]
2025-03-21T16:40:50.690Z [INFO]: [object Object]
2025-03-21T16:40:50.709Z [INFO]: [object Object]
2025-03-21T16:40:55.264Z [INFO]: [object Object]
2025-03-21T16:40:55.332Z [INFO]: [object Object]
2025-03-21T16:40:58.567Z [INFO]: [object Object]
2025-03-21T16:40:58.623Z [INFO]: [object Object]
2025-03-21T16:40:58.631Z [INFO]: [object Object]
2025-03-21T16:40:58.632Z [INFO]: [object Object]
2025-03-21T16:42:13.197Z [INFO]: [object Object]
2025-03-21T16:42:13.198Z [INFO]: [object Object]
2025-03-21T16:42:13.202Z [INFO]: [object Object]
2025-03-21T16:42:14.010Z [INFO]: [object Object]
2025-03-21T16:42:14.016Z [INFO]: [object Object]
2025-03-21T16:42:14.024Z [INFO]: [object Object]
2025-03-21T16:42:15.237Z [INFO]: [object Object]
2025-03-21T16:42:15.239Z [INFO]: [object Object]
2025-03-21T16:42:15.245Z [INFO]: [object Object]
2025-03-21T16:42:16.584Z [INFO]: [object Object]
2025-03-21T16:42:16.591Z [INFO]: [object Object]
2025-03-21T16:42:16.595Z [INFO]: [object Object]
2025-03-21T16:42:18.263Z [INFO]: [object Object]
2025-03-21T16:42:18.268Z [INFO]: [object Object]
2025-03-21T16:42:18.269Z [INFO]: [object Object]
2025-03-21T16:42:22.403Z [INFO]: [object Object]
2025-03-21T16:42:22.404Z [INFO]: [object Object]
2025-03-21T16:42:22.410Z [INFO]: [object Object]
2025-03-21T16:42:23.993Z [INFO]: [object Object]
2025-03-21T16:42:24.003Z [INFO]: [object Object]
2025-03-21T16:42:24.004Z [INFO]: [object Object]
2025-03-21T16:42:26.012Z [INFO]: [object Object]
2025-03-21T16:42:26.013Z [INFO]: [object Object]
2025-03-21T16:42:26.020Z [INFO]: [object Object]
2025-03-21T16:42:27.997Z [INFO]: [object Object]
2025-03-21T16:42:28.005Z [INFO]: [object Object]
2025-03-21T16:42:28.006Z [INFO]: [object Object]
2025-03-21T16:42:29.308Z [INFO]: [object Object]
2025-03-21T16:42:29.310Z [INFO]: [object Object]
2025-03-21T16:42:29.315Z [INFO]: [object Object]
2025-03-21T16:42:30.525Z [INFO]: [object Object]
2025-03-21T16:42:30.533Z [INFO]: [object Object]
2025-03-21T16:42:30.534Z [INFO]: [object Object]
2025-03-21T16:42:33.052Z [INFO]: [object Object]
2025-03-21T16:42:33.060Z [INFO]: [object Object]
2025-03-21T16:42:33.061Z [INFO]: [object Object]
2025-03-21T16:43:47.686Z [INFO]: [object Object]
2025-03-21T16:43:47.691Z [INFO]: [object Object]
2025-03-21T16:43:47.693Z [INFO]: [object Object]
2025-03-21T16:43:49.491Z [INFO]: [object Object]
2025-03-21T16:43:49.499Z [INFO]: [object Object]
2025-03-21T16:43:49.500Z [INFO]: [object Object]
2025-03-21T16:43:50.163Z [INFO]: [object Object]
2025-03-21T16:43:50.165Z [INFO]: [object Object]
2025-03-21T16:43:50.172Z [INFO]: [object Object]
2025-03-21T16:43:50.751Z [INFO]: [object Object]
2025-03-21T16:43:50.757Z [INFO]: [object Object]
2025-03-21T16:43:50.761Z [INFO]: [object Object]
2025-03-21T16:43:51.469Z [INFO]: [object Object]
2025-03-21T16:43:51.470Z [INFO]: [object Object]
2025-03-21T16:43:51.480Z [INFO]: [object Object]
2025-03-21T16:44:09.084Z [INFO]: [object Object]
2025-03-21T16:44:09.091Z [INFO]: [object Object]
2025-03-21T16:44:09.095Z [INFO]: [object Object]
2025-03-21T16:44:15.385Z [INFO]: [object Object]
2025-03-21T16:44:15.390Z [INFO]: [object Object]
2025-03-21T16:44:15.391Z [INFO]: [object Object]
2025-03-21T16:47:22.069Z [INFO]: [object Object]
2025-03-21T16:47:22.070Z [INFO]: [object Object]
2025-03-21T16:47:22.076Z [INFO]: [object Object]
2025-03-21T16:47:23.121Z [INFO]: [object Object]
2025-03-21T16:47:23.126Z [INFO]: [object Object]
2025-03-21T16:47:23.130Z [INFO]: [object Object]
2025-03-21T16:47:59.433Z [INFO]: [object Object]
2025-03-21T16:47:59.436Z [INFO]: [object Object]
2025-03-21T16:47:59.440Z [INFO]: [object Object]
2025-03-21T16:48:11.207Z [INFO]: [object Object]
2025-03-21T16:48:11.216Z [INFO]: [object Object]
2025-03-21T16:48:11.217Z [INFO]: [object Object]
2025-03-21T16:49:17.847Z [INFO]: [object Object]
2025-03-21T16:49:17.853Z [INFO]: [object Object]
2025-03-21T16:49:17.866Z [INFO]: [object Object]
2025-03-21T16:49:26.817Z [INFO]: [object Object]
2025-03-21T16:49:26.819Z [INFO]: [object Object]
2025-03-21T16:49:26.823Z [INFO]: [object Object]
2025-03-21T16:49:31.717Z [INFO]: [object Object]
2025-03-21T16:49:31.726Z [INFO]: [object Object]
2025-03-21T16:49:31.727Z [INFO]: [object Object]
2025-03-21T16:49:33.592Z [INFO]: [object Object]
2025-03-21T16:50:24.235Z [INFO]: [object Object]
2025-03-21T16:50:24.366Z [INFO]: [object Object]
2025-03-21T16:50:24.378Z [INFO]: [object Object]
2025-03-21T16:50:24.379Z [INFO]: [object Object]
2025-03-21T16:50:29.516Z [INFO]: [object Object]
2025-03-21T16:50:29.517Z [INFO]: [object Object]
2025-03-21T16:50:29.523Z [INFO]: [object Object]
2025-03-21T16:50:31.119Z [INFO]: [object Object]
2025-03-21T16:50:31.275Z [INFO]: [object Object]
2025-03-21T16:50:34.730Z [INFO]: [object Object]
2025-03-21T16:50:34.963Z [INFO]: [object Object]
2025-03-21T16:50:34.977Z [INFO]: [object Object]
2025-03-21T16:50:34.984Z [INFO]: [object Object]
2025-03-21T16:51:02.416Z [INFO]: [object Object]
2025-03-21T16:51:02.421Z [INFO]: [object Object]
2025-03-21T16:51:02.427Z [INFO]: [object Object]
2025-03-21T16:51:02.433Z [INFO]: [object Object]
2025-03-21T16:51:02.473Z [INFO]: [object Object]
2025-03-21T16:51:02.488Z [INFO]: [object Object]
2025-03-21T16:51:06.625Z [INFO]: [object Object]
2025-03-21T16:51:06.633Z [INFO]: [object Object]
2025-03-21T16:51:06.639Z [INFO]: [object Object]
2025-03-21T16:51:06.644Z [INFO]: [object Object]
2025-03-21T16:51:06.645Z [INFO]: [object Object]
2025-03-21T16:51:06.659Z [INFO]: [object Object]
2025-03-21T16:51:07.583Z [INFO]: [object Object]
2025-03-21T16:51:07.592Z [INFO]: [object Object]
2025-03-21T16:51:07.605Z [INFO]: [object Object]
2025-03-21T16:51:07.612Z [INFO]: [object Object]
2025-03-21T16:51:07.614Z [INFO]: [object Object]
2025-03-21T16:51:07.618Z [INFO]: [object Object]
2025-03-21T16:51:14.448Z [INFO]: [object Object]
2025-03-21T16:51:14.451Z [INFO]: [object Object]
2025-03-21T16:51:14.454Z [INFO]: [object Object]
2025-03-21T16:51:19.459Z [INFO]: [object Object]
2025-03-21T16:51:19.469Z [INFO]: [object Object]
2025-03-21T16:51:19.472Z [INFO]: [object Object]
2025-03-21T16:51:20.855Z [INFO]: [object Object]
2025-03-21T16:51:20.856Z [INFO]: [object Object]
2025-03-21T16:51:20.857Z [INFO]: [object Object]
2025-03-21T16:51:20.865Z [INFO]: [object Object]
2025-03-21T16:51:20.866Z [INFO]: [object Object]
2025-03-21T16:51:20.870Z [INFO]: [object Object]
2025-03-21T16:52:19.077Z [INFO]: [object Object]
2025-03-21T16:52:19.094Z [INFO]: [object Object]
2025-03-21T16:52:19.099Z [INFO]: [object Object]
2025-03-21T16:52:19.112Z [INFO]: [object Object]
2025-03-21T16:52:19.114Z [INFO]: [object Object]
2025-03-21T16:52:19.119Z [INFO]: [object Object]
2025-03-21T16:52:38.034Z [INFO]: [object Object]
2025-03-21T16:52:38.048Z [INFO]: [object Object]
2025-03-21T16:52:38.055Z [INFO]: [object Object]
2025-03-21T16:52:38.056Z [INFO]: [object Object]
2025-03-21T16:52:38.060Z [INFO]: [object Object]
2025-03-21T16:52:38.061Z [INFO]: [object Object]
2025-03-21T16:53:18.060Z [INFO]: [object Object]
2025-03-21T16:53:18.079Z [INFO]: [object Object]
2025-03-21T16:53:18.084Z [INFO]: [object Object]
2025-03-21T16:53:18.097Z [INFO]: [object Object]
2025-03-21T16:53:18.100Z [INFO]: [object Object]
2025-03-21T16:53:18.111Z [INFO]: [object Object]
2025-03-21T16:53:19.989Z [INFO]: [object Object]
2025-03-21T16:53:19.998Z [INFO]: [object Object]
2025-03-21T16:53:20.003Z [INFO]: [object Object]
2025-03-21T16:53:20.005Z [INFO]: [object Object]
2025-03-21T16:53:20.013Z [INFO]: [object Object]
2025-03-21T16:53:20.019Z [INFO]: [object Object]
2025-03-21T16:53:20.606Z [INFO]: [object Object]
2025-03-21T16:53:20.618Z [INFO]: [object Object]
2025-03-21T16:53:20.620Z [INFO]: [object Object]
2025-03-21T16:53:20.622Z [INFO]: [object Object]
2025-03-21T16:53:20.628Z [INFO]: [object Object]
2025-03-21T16:53:20.629Z [INFO]: [object Object]
2025-03-21T16:53:32.829Z [INFO]: [object Object]
2025-03-21T16:53:32.839Z [INFO]: [object Object]
2025-03-21T16:53:32.840Z [INFO]: [object Object]
2025-03-21T16:53:34.701Z [INFO]: [object Object]
2025-03-21T16:53:34.703Z [INFO]: [object Object]
2025-03-21T16:53:34.704Z [INFO]: [object Object]
2025-03-21T16:53:34.709Z [INFO]: [object Object]
2025-03-21T16:53:34.710Z [INFO]: [object Object]
2025-03-21T16:53:34.713Z [INFO]: [object Object]
2025-03-21T16:53:36.114Z [INFO]: [object Object]
2025-03-21T16:53:36.127Z [INFO]: [object Object]
2025-03-21T16:53:36.128Z [INFO]: [object Object]
2025-03-21T16:53:37.222Z [INFO]: [object Object]
2025-03-21T16:53:37.224Z [INFO]: [object Object]
2025-03-21T16:53:37.225Z [INFO]: [object Object]
2025-03-21T16:53:37.231Z [INFO]: [object Object]
2025-03-21T16:53:37.233Z [INFO]: [object Object]
2025-03-21T16:53:37.236Z [INFO]: [object Object]
2025-03-21T16:53:38.985Z [INFO]: [object Object]
2025-03-21T16:53:38.989Z [INFO]: [object Object]
2025-03-21T16:53:38.992Z [INFO]: [object Object]
2025-03-21T16:53:40.323Z [INFO]: [object Object]
2025-03-21T16:53:40.328Z [INFO]: [object Object]
2025-03-21T16:53:40.331Z [INFO]: [object Object]
2025-03-21T16:53:40.332Z [INFO]: [object Object]
2025-03-21T16:53:40.335Z [INFO]: [object Object]
2025-03-21T16:53:40.338Z [INFO]: [object Object]
2025-03-21T16:53:41.805Z [INFO]: [object Object]
2025-03-21T16:53:41.808Z [INFO]: [object Object]
2025-03-21T16:53:41.811Z [INFO]: [object Object]
2025-03-21T16:53:44.165Z [INFO]: [object Object]
2025-03-21T16:53:44.174Z [INFO]: [object Object]
2025-03-21T16:53:44.175Z [INFO]: [object Object]
2025-03-21T16:53:44.178Z [INFO]: [object Object]
2025-03-21T16:53:44.179Z [INFO]: [object Object]
2025-03-21T16:53:44.184Z [INFO]: [object Object]
2025-03-21T16:53:46.347Z [INFO]: [object Object]
2025-03-21T16:53:46.356Z [INFO]: [object Object]
2025-03-21T16:53:46.357Z [INFO]: [object Object]
2025-03-21T16:55:57.645Z [INFO]: [object Object]
2025-03-21T16:55:57.650Z [INFO]: [object Object]
2025-03-21T16:55:57.652Z [INFO]: [object Object]
2025-03-21T16:55:59.495Z [INFO]: [object Object]
2025-03-21T16:55:59.504Z [INFO]: [object Object]
2025-03-21T16:55:59.513Z [INFO]: [object Object]
2025-03-21T16:55:59.519Z [INFO]: [object Object]
2025-03-21T16:55:59.522Z [INFO]: [object Object]
2025-03-21T16:55:59.523Z [INFO]: [object Object]
2025-03-21T16:56:36.956Z [INFO]: [object Object]
2025-03-21T16:56:36.959Z [INFO]: [object Object]
2025-03-21T16:56:36.964Z [INFO]: [object Object]
2025-03-21T16:56:36.973Z [INFO]: [object Object]
2025-03-21T16:56:36.974Z [INFO]: [object Object]
2025-03-21T16:56:36.980Z [INFO]: [object Object]
2025-03-21T16:56:38.123Z [INFO]: [object Object]
2025-03-21T16:56:38.128Z [INFO]: [object Object]
2025-03-21T16:56:38.130Z [INFO]: [object Object]
2025-03-21T16:56:38.134Z [INFO]: [object Object]
2025-03-21T16:56:38.135Z [INFO]: [object Object]
2025-03-21T16:56:38.141Z [INFO]: [object Object]
2025-03-21T16:56:38.661Z [INFO]: [object Object]
2025-03-21T16:56:38.668Z [INFO]: [object Object]
2025-03-21T16:56:38.669Z [INFO]: [object Object]
2025-03-21T16:56:38.673Z [INFO]: [object Object]
2025-03-21T16:56:38.677Z [INFO]: [object Object]
2025-03-21T16:56:38.683Z [INFO]: [object Object]
2025-03-21T16:56:38.971Z [INFO]: [object Object]
2025-03-21T16:56:38.983Z [INFO]: [object Object]
2025-03-21T16:56:38.984Z [INFO]: [object Object]
2025-03-21T16:56:38.985Z [INFO]: [object Object]
2025-03-21T16:56:38.990Z [INFO]: [object Object]
2025-03-21T16:56:38.992Z [INFO]: [object Object]
2025-03-21T16:56:53.680Z [INFO]: [object Object]
2025-03-21T16:56:53.686Z [INFO]: [object Object]
2025-03-21T16:56:53.687Z [INFO]: [object Object]
2025-03-21T16:56:55.515Z [INFO]: [object Object]
2025-03-21T16:56:55.519Z [INFO]: [object Object]
2025-03-21T16:56:55.520Z [INFO]: [object Object]
2025-03-21T16:56:55.524Z [INFO]: [object Object]
2025-03-21T16:56:55.525Z [INFO]: [object Object]
2025-03-21T16:56:55.532Z [INFO]: [object Object]
2025-03-21T16:56:56.784Z [INFO]: [object Object]
2025-03-21T16:56:56.795Z [INFO]: [object Object]
2025-03-21T16:56:56.797Z [INFO]: [object Object]
2025-03-21T16:56:58.555Z [INFO]: [object Object]
2025-03-21T16:56:58.560Z [INFO]: [object Object]
2025-03-21T16:56:58.563Z [INFO]: [object Object]
2025-03-21T16:56:58.568Z [INFO]: [object Object]
2025-03-21T16:56:58.569Z [INFO]: [object Object]
2025-03-21T16:56:58.572Z [INFO]: [object Object]
2025-03-21T16:58:52.116Z [INFO]: [object Object]
2025-03-21T16:58:52.238Z [INFO]: [object Object]
2025-03-21T16:58:52.246Z [INFO]: [object Object]
2025-03-21T16:58:52.251Z [INFO]: [object Object]
2025-03-21T16:58:52.256Z [INFO]: [object Object]
2025-03-21T16:58:52.262Z [INFO]: [object Object]
2025-03-21T16:58:52.309Z [INFO]: [object Object]
2025-03-21T16:58:53.175Z [INFO]: [object Object]
2025-03-21T16:58:53.180Z [INFO]: [object Object]
2025-03-21T16:58:53.182Z [INFO]: [object Object]
2025-03-21T16:58:53.192Z [INFO]: [object Object]
2025-03-21T16:58:53.195Z [INFO]: [object Object]
2025-03-21T16:58:53.206Z [INFO]: [object Object]
2025-03-21T16:58:58.876Z [INFO]: [object Object]
2025-03-21T16:58:58.884Z [INFO]: [object Object]
2025-03-21T16:58:58.885Z [INFO]: [object Object]
2025-03-21T16:58:58.891Z [INFO]: [object Object]
2025-03-21T16:58:58.892Z [INFO]: [object Object]
2025-03-21T16:58:58.900Z [INFO]: [object Object]
2025-03-21T16:58:59.453Z [INFO]: [object Object]
2025-03-21T16:58:59.453Z [INFO]: [object Object]
2025-03-21T16:58:59.457Z [INFO]: [object Object]
2025-03-21T16:58:59.459Z [INFO]: [object Object]
2025-03-21T16:58:59.460Z [INFO]: [object Object]
2025-03-21T16:58:59.465Z [INFO]: [object Object]
2025-03-21T16:58:59.936Z [INFO]: [object Object]
2025-03-21T16:58:59.940Z [INFO]: [object Object]
2025-03-21T16:58:59.942Z [INFO]: [object Object]
2025-03-21T16:58:59.949Z [INFO]: [object Object]
2025-03-21T16:58:59.950Z [INFO]: [object Object]
2025-03-21T16:58:59.955Z [INFO]: [object Object]
2025-03-21T16:59:00.351Z [INFO]: [object Object]
2025-03-21T16:59:00.368Z [INFO]: [object Object]
2025-03-21T16:59:00.370Z [INFO]: [object Object]
2025-03-21T16:59:00.371Z [INFO]: [object Object]
2025-03-21T16:59:00.377Z [INFO]: [object Object]
2025-03-21T16:59:00.378Z [INFO]: [object Object]
2025-03-21T17:00:39.130Z [INFO]: [object Object]
2025-03-21T17:00:39.217Z [INFO]: [object Object]
2025-03-21T17:00:41.444Z [INFO]: [object Object]
2025-03-21T17:00:42.144Z [INFO]: [object Object]
2025-03-21T17:00:42.528Z [INFO]: [object Object]
2025-03-21T17:00:49.698Z [INFO]: [object Object]
2025-03-21T17:00:53.331Z [INFO]: [object Object]
2025-03-21T17:00:58.818Z [INFO]: [object Object]
2025-03-21T17:00:58.972Z [INFO]: [object Object]
2025-03-21T17:00:58.985Z [INFO]: [object Object]
2025-03-21T17:00:58.987Z [INFO]: [object Object]
2025-03-21T17:00:58.991Z [INFO]: [object Object]
2025-03-21T17:00:59.028Z [INFO]: [object Object]
2025-03-21T17:00:59.051Z [INFO]: [object Object]
2025-03-21T17:01:31.943Z [INFO]: [object Object]
2025-03-21T17:01:31.969Z [INFO]: [object Object]
2025-03-21T17:01:31.977Z [INFO]: [object Object]
2025-03-21T17:09:35.994Z [INFO]: [object Object]
2025-03-21T17:09:36.015Z [INFO]: [object Object]
2025-03-21T17:09:36.032Z [INFO]: [object Object]
2025-03-21T17:09:36.039Z [INFO]: [object Object]
2025-03-21T17:09:36.083Z [INFO]: [object Object]
2025-03-21T17:09:36.094Z [INFO]: [object Object]
2025-03-21T17:09:36.104Z [INFO]: [object Object]
2025-03-21T17:10:53.289Z [INFO]: [object Object]
2025-03-21T17:10:53.291Z [INFO]: [object Object]
2025-03-21T17:10:53.328Z [INFO]: [object Object]
2025-03-21T17:10:59.289Z [INFO]: [object Object]
2025-03-21T17:10:59.295Z [INFO]: [object Object]
2025-03-21T17:10:59.303Z [INFO]: [object Object]
2025-03-21T17:11:00.235Z [INFO]: [object Object]
2025-03-21T17:11:00.240Z [INFO]: [object Object]
2025-03-21T17:11:00.246Z [INFO]: [object Object]
2025-03-21T17:11:03.477Z [INFO]: [object Object]
2025-03-21T17:11:03.496Z [INFO]: [object Object]
2025-03-21T17:11:03.498Z [INFO]: [object Object]
2025-03-21T17:11:05.521Z [INFO]: [object Object]
2025-03-21T17:11:05.530Z [INFO]: [object Object]
2025-03-21T17:11:05.536Z [INFO]: [object Object]
2025-03-21T17:11:06.518Z [INFO]: [object Object]
2025-03-21T17:11:06.526Z [INFO]: [object Object]
2025-03-21T17:11:06.532Z [INFO]: [object Object]
2025-03-21T17:11:10.816Z [INFO]: [object Object]
2025-03-21T17:11:10.827Z [INFO]: [object Object]
2025-03-21T17:11:10.832Z [INFO]: [object Object]
2025-03-21T17:11:13.038Z [INFO]: [object Object]
2025-03-21T17:11:13.044Z [INFO]: [object Object]
2025-03-21T17:11:13.049Z [INFO]: [object Object]
2025-03-21T17:11:14.142Z [INFO]: [object Object]
2025-03-21T17:11:14.170Z [INFO]: [object Object]
2025-03-21T17:11:14.172Z [INFO]: [object Object]
2025-03-21T17:12:36.507Z [INFO]: [object Object]
2025-03-21T17:12:36.513Z [INFO]: [object Object]
2025-03-21T17:12:36.515Z [INFO]: [object Object]
2025-03-21T17:12:38.133Z [INFO]: [object Object]
2025-03-21T17:12:38.136Z [INFO]: [object Object]
2025-03-21T17:12:38.169Z [INFO]: [object Object]
2025-03-21T17:12:40.373Z [INFO]: [object Object]
2025-03-21T17:12:40.379Z [INFO]: [object Object]
2025-03-21T17:12:40.392Z [INFO]: [object Object]
2025-03-21T17:12:42.607Z [INFO]: [object Object]
2025-03-21T17:12:42.608Z [INFO]: [object Object]
2025-03-21T17:12:42.613Z [INFO]: [object Object]
2025-03-21T17:12:46.095Z [INFO]: [object Object]
2025-03-21T17:12:46.104Z [INFO]: [object Object]
2025-03-21T17:12:46.111Z [INFO]: [object Object]
2025-03-21T17:12:52.615Z [INFO]: [object Object]
2025-03-21T17:12:52.616Z [INFO]: [object Object]
2025-03-21T17:12:52.623Z [INFO]: [object Object]
2025-03-21T17:12:54.430Z [INFO]: [object Object]
2025-03-21T17:12:54.438Z [INFO]: [object Object]
2025-03-21T17:12:54.443Z [INFO]: [object Object]
2025-03-21T17:12:56.793Z [INFO]: [object Object]
2025-03-21T17:12:56.799Z [INFO]: [object Object]
2025-03-21T17:12:56.807Z [INFO]: [object Object]
2025-03-21T17:13:15.341Z [INFO]: [object Object]
2025-03-21T17:13:15.518Z [INFO]: [object Object]
2025-03-21T17:15:24.678Z [INFO]: [object Object]
2025-03-21T17:15:24.830Z [INFO]: [object Object]
2025-03-21T17:15:24.837Z [INFO]: [object Object]
2025-03-21T17:15:24.839Z [INFO]: [object Object]
2025-03-21T17:15:27.360Z [INFO]: [object Object]
2025-03-21T17:15:27.370Z [INFO]: [object Object]
2025-03-21T17:15:27.371Z [INFO]: [object Object]
2025-03-21T17:15:29.811Z [INFO]: [object Object]
2025-03-21T17:15:29.826Z [INFO]: [object Object]
2025-03-21T17:15:29.831Z [INFO]: [object Object]
2025-03-21T17:15:45.606Z [INFO]: [object Object]
2025-03-21T17:15:45.607Z [INFO]: [object Object]
2025-03-21T17:15:45.614Z [INFO]: [object Object]
2025-03-21T17:15:48.303Z [INFO]: [object Object]
2025-03-21T17:15:48.307Z [INFO]: [object Object]
2025-03-21T17:15:48.318Z [INFO]: [object Object]
2025-03-21T17:15:52.017Z [INFO]: [object Object]
2025-03-21T17:15:52.025Z [INFO]: [object Object]
2025-03-21T17:15:52.031Z [INFO]: [object Object]
2025-03-21T17:15:53.987Z [INFO]: [object Object]
2025-03-21T17:15:53.992Z [INFO]: [object Object]
2025-03-21T17:15:53.999Z [INFO]: [object Object]
2025-03-21T17:16:34.813Z [INFO]: [object Object]
2025-03-21T17:16:34.816Z [INFO]: [object Object]
2025-03-21T17:16:34.837Z [INFO]: [object Object]
2025-03-21T17:16:39.238Z [INFO]: [object Object]
2025-03-21T17:16:39.243Z [INFO]: [object Object]
2025-03-21T17:16:39.249Z [INFO]: [object Object]
2025-03-21T17:17:33.040Z [INFO]: [object Object]
2025-03-21T17:17:33.044Z [INFO]: [object Object]
2025-03-21T17:17:33.065Z [INFO]: [object Object]
2025-03-21T17:17:34.216Z [INFO]: [object Object]
2025-03-21T17:17:34.224Z [INFO]: [object Object]
2025-03-21T17:17:34.258Z [INFO]: [object Object]
2025-03-21T17:17:35.074Z [INFO]: [object Object]
2025-03-21T17:17:35.078Z [INFO]: [object Object]
2025-03-21T17:17:35.096Z [INFO]: [object Object]
2025-03-21T17:17:37.592Z [INFO]: [object Object]
2025-03-21T17:17:37.713Z [INFO]: [object Object]
2025-03-21T17:17:37.719Z [INFO]: [object Object]
2025-03-21T17:17:37.727Z [INFO]: [object Object]
2025-03-21T17:17:43.999Z [INFO]: [object Object]
2025-03-21T17:17:44.152Z [INFO]: [object Object]
2025-03-21T17:17:44.157Z [INFO]: [object Object]
2025-03-21T17:17:44.163Z [INFO]: [object Object]
2025-03-21T17:19:03.406Z [INFO]: [object Object]
2025-03-21T17:19:03.522Z [INFO]: [object Object]
2025-03-21T17:19:05.342Z [INFO]: [object Object]
2025-03-21T17:21:24.356Z [INFO]: [object Object]
2025-03-21T17:21:25.546Z [INFO]: [object Object]
2025-03-21T17:22:40.038Z [INFO]: [object Object]
2025-03-21T17:22:40.659Z [INFO]: [object Object]
2025-03-21T17:22:42.688Z [INFO]: [object Object]
2025-03-21T17:22:42.698Z [INFO]: [object Object]
2025-03-21T17:22:42.704Z [INFO]: [object Object]
2025-03-21T17:22:49.495Z [INFO]: [object Object]
2025-03-21T17:22:59.683Z [INFO]: [object Object]
2025-03-21T17:22:59.696Z [INFO]: [object Object]
2025-03-21T17:22:59.702Z [INFO]: [object Object]
2025-03-21T17:23:07.454Z [INFO]: [object Object]
2025-03-21T17:23:07.459Z [INFO]: [object Object]
2025-03-21T17:23:07.460Z [INFO]: [object Object]
2025-03-21T17:24:13.180Z [INFO]: [object Object]
2025-03-21T17:24:13.377Z [INFO]: [object Object]
2025-03-21T17:24:15.961Z [INFO]: [object Object]
2025-03-21T17:24:16.082Z [INFO]: [object Object]
2025-03-21T17:24:17.916Z [INFO]: [object Object]
2025-03-21T17:24:17.926Z [INFO]: [object Object]
2025-03-21T17:24:17.930Z [INFO]: [object Object]
2025-03-21T17:24:22.386Z [INFO]: [object Object]
2025-03-21T17:24:22.391Z [INFO]: [object Object]
2025-03-21T17:24:22.404Z [INFO]: [object Object]
2025-03-21T17:24:23.784Z [INFO]: [object Object]
2025-03-21T17:24:23.801Z [INFO]: [object Object]
2025-03-21T17:24:23.803Z [INFO]: [object Object]
2025-03-21T17:24:26.563Z [INFO]: [object Object]
2025-03-21T17:24:26.670Z [INFO]: [object Object]
2025-03-21T17:24:29.198Z [INFO]: [object Object]
2025-03-21T17:24:29.334Z [INFO]: [object Object]
2025-03-21T17:24:29.365Z [INFO]: [object Object]
2025-03-21T17:25:33.070Z [INFO]: [object Object]
2025-03-21T17:25:33.100Z [INFO]: [object Object]
